2月 11, 2026 5:50:35 下午 com.sun.javafx.application.PlatformImpl startup
警告: Unsupported JavaFX configuration: classes were loaded from 'unnamed module @18ae30ae'
2月 11, 2026 5:50:36 下午 com.yeahmobi.everything.App initializeInfrastructure
信息: Configuration loaded.
SLF4J(W): No SLF4J providers were found.
SLF4J(W): Defaulting to no-operation (NOP) logger implementation
SLF4J(W): See https://www.slf4j.org/codes.html#noProviders for further details.
2月 11, 2026 5:50:36 下午 com.yeahmobi.everything.App initializeInfrastructure
信息: Local SQLite database initialized at: /Users/zhujinqi/.yeahmobi-everything/data.db
2月 11, 2026 5:50:36 下午 com.yeahmobi.everything.repository.mysql.MySQLDatabaseManager initialize
信息: MySQL JDBC driver loaded successfully
2月 11, 2026 5:50:37 下午 com.yeahmobi.everything.App initializeInfrastructure
信息: MySQL database connected: jdbc:mysql://localhost:3306/yeahmobi_everything?useSSL=false&characterEncoding=UTF-8&serverTimezone=Asia/Shanghai&useUnicode=true
2月 11, 2026 5:50:37 下午 com.yeahmobi.everything.repository.cache.RedisManager <init>
信息: RedisManager initialized: localhost:6379/0
2月 11, 2026 5:50:37 下午 com.yeahmobi.everything.App initializeInfrastructure
信息: Redis connected: localhost:6379
2月 11, 2026 5:50:37 下午 com.yeahmobi.everything.App initializeServices
信息: All services initialized.
2月 11, 2026 5:50:38 下午 com.yeahmobi.everything.App setupMacOSDock
信息: macOS Taskbar/Dock integration initialized.
2月 11, 2026 5:50:38 下午 com.yeahmobi.everything.App setupMacOSDock
信息: macOS Dock behavior configured.
2月 11, 2026 5:50:39 下午 com.yeahmobi.everything.App onLoginSuccess
信息: User logged in: Kinch(朱金奇) (feishu)
2026-02-11 17:53:19.049 java[90999:37809318] error messaging the mach port for IMKCFRunLoopWakeUpReliable
Exception in thread "JavaFX Application Thread" java.lang.NoClassDefFoundError: javafx/scene/control/ChoiceBox
	at com.yeahmobi.everything.ui.MainController.isDragBlockedTarget(MainController.java:1404)
	at com.yeahmobi.everything.ui.MainController.lambda$installDragBehavior$17(MainController.java:1376)
	at com.sun.javafx.event.CompositeEventHandler$NormalEventFilterRecord.handleCapturingEvent(CompositeEventHandler.java:321)
	at com.sun.javafx.event.CompositeEventHandler.dispatchCapturingEvent(CompositeEventHandler.java:98)
	at com.sun.javafx.event.EventHandlerManager.dispatchCapturingEvent(EventHandlerManager.java:219)
	at com.sun.javafx.event.EventHandlerManager.dispatchCapturingEvent(EventHandlerManager.java:178)
	at com.sun.javafx.event.CompositeEventDispatcher.dispatchCapturingEvent(CompositeEventDispatcher.java:43)
	at com.sun.javafx.event.BasicEventDispatcher.dispatchEvent(BasicEventDispatcher.java:52)
	at com.sun.javafx.event.EventDispatchChainImpl.dispatchEvent(EventDispatchChainImpl.java:114)
	at com.sun.javafx.event.BasicEventDispatcher.dispatchEvent(BasicEventDispatcher.java:56)
	at com.sun.javafx.event.EventDispatchChainImpl.dispatchEvent(EventDispatchChainImpl.java:114)
	at com.sun.javafx.event.BasicEventDispatcher.dispatchEvent(BasicEventDispatcher.java:56)
	at com.sun.javafx.event.EventDispatchChainImpl.dispatchEvent(EventDispatchChainImpl.java:114)
	at com.sun.javafx.event.EventUtil.fireEventImpl(EventUtil.java:74)
	at com.sun.javafx.event.EventUtil.fireEvent(EventUtil.java:54)
	at javafx.event.Event.fireEvent(Event.java:198)
	at javafx.scene.Scene$MouseHandler.process(Scene.java:3984)
	at javafx.scene.Scene.processMouseEvent(Scene.java:1890)
	at javafx.scene.Scene$ScenePeerListener.mouseEvent(Scene.java:2708)
	at com.sun.javafx.tk.quantum.GlassViewEventHandler$MouseEventNotification.run(GlassViewEventHandler.java:411)
	at com.sun.javafx.tk.quantum.GlassViewEventHandler$MouseEventNotification.run(GlassViewEventHandler.java:301)
	at java.base/java.security.AccessController.doPrivileged(AccessController.java:399)
	at com.sun.javafx.tk.quantum.GlassViewEventHandler.lambda$handleMouseEvent$2(GlassViewEventHandler.java:450)
	at com.sun.javafx.tk.quantum.QuantumToolkit.runWithoutRenderLock(QuantumToolkit.java:424)
	at com.sun.javafx.tk.quantum.GlassViewEventHandler.handleMouseEvent(GlassViewEventHandler.java:449)
	at com.sun.glass.ui.View.handleMouseEvent(View.java:551)
	at com.sun.glass.ui.View.notifyMouse(View.java:937)
	at com.sun.glass.ui.mac.MacView.notifyMouse(MacView.java:127)
Caused by: java.lang.ClassNotFoundException: javafx.scene.control.ChoiceBox
	at java.base/jdk.internal.loader.BuiltinClassLoader.loadClass(BuiltinClassLoader.java:641)
	at java.base/jdk.internal.loader.ClassLoaders$AppClassLoader.loadClass(ClassLoaders.java:188)
	at java.base/java.lang.ClassLoader.loadClass(ClassLoader.java:525)
	... 28 more
java.lang.NoClassDefFoundError: com/sun/prism/impl/ps/CachingShapeRep
	at com.sun.prism.impl.ps.BaseShaderFactory.createPathRep(BaseShaderFactory.java:56)
	at com.sun.javafx.sg.prism.NGShape.createShapeRep(NGShape.java:166)
	at com.sun.javafx.sg.prism.NGShape.renderContent2D(NGShape.java:283)
	at com.sun.javafx.sg.prism.NGShape.renderContent(NGShape.java:261)
	at com.sun.javafx.sg.prism.NGNode.doRender(NGNode.java:2074)
	at com.sun.javafx.sg.prism.NGNode.render(NGNode.java:1966)
	at com.sun.javafx.sg.prism.NGGroup.renderContent(NGGroup.java:270)
	at com.sun.javafx.sg.prism.NGRegion.renderContent(NGRegion.java:579)
	at com.sun.javafx.sg.prism.NGNode.renderOpacity(NGNode.java:2359)
	at com.sun.javafx.sg.prism.NGNode.doRender(NGNode.java:2062)
	at com.sun.javafx.sg.prism.NGNode.render(NGNode.java:1966)
	at com.sun.javafx.sg.prism.NGGroup.renderContent(NGGroup.java:270)
	at com.sun.javafx.sg.prism.NGRegion.renderContent(NGRegion.java:579)
	at com.sun.javafx.sg.prism.NGNode.doRender(NGNode.java:2074)
	at com.sun.javafx.sg.prism.NGNode.render(NGNode.java:1966)
	at com.sun.javafx.sg.prism.NGGroup.renderContent(NGGroup.java:270)
	at com.sun.javafx.sg.prism.NGRegion.renderContent(NGRegion.java:579)
	at com.sun.javafx.sg.prism.NGNode.doRender(NGNode.java:2074)
	at com.sun.javafx.sg.prism.NGNode.render(NGNode.java:1966)
	at com.sun.javafx.sg.prism.NGGroup.renderContent(NGGroup.java:270)
	at com.sun.javafx.sg.prism.NGRegion.renderContent(NGRegion.java:579)
	at com.sun.javafx.sg.prism.NGNode.doRender(NGNode.java:2074)
	at com.sun.javafx.sg.prism.NGNode.render(NGNode.java:1966)
	at com.sun.javafx.sg.prism.NGGroup.renderContent(NGGroup.java:270)
	at com.sun.javafx.sg.prism.NGRegion.renderContent(NGRegion.java:579)
	at com.sun.javafx.sg.prism.NGNode.doRender(NGNode.java:2074)
	at com.sun.javafx.sg.prism.NGNode.render(NGNode.java:1966)
	at com.sun.javafx.sg.prism.NGGroup.renderContent(NGGroup.java:270)
	at com.sun.javafx.sg.prism.NGRegion.renderContent(NGRegion.java:579)
	at com.sun.javafx.sg.prism.NodeEffectInput.getImageDataForBoundedNode(NodeEffectInput.java:237)
	at com.sun.javafx.sg.prism.NodeEffectInput.filter(NodeEffectInput.java:131)
	at com.sun.scenario.effect.FilterEffect.filter(FilterEffect.java:185)
	at com.sun.scenario.effect.Offset.filter(Offset.java:160)
	at com.sun.scenario.effect.Merge.filter(Merge.java:148)
	at com.sun.scenario.effect.DelegateEffect.filter(DelegateEffect.java:70)
	at com.sun.scenario.effect.impl.prism.PrEffectHelper.render(PrEffectHelper.java:166)
	at com.sun.javafx.sg.prism.EffectFilter.render(EffectFilter.java:61)
	at com.sun.javafx.sg.prism.NGNode.renderEffect(NGNode.java:2386)
	at com.sun.javafx.sg.prism.NGNode.renderForClip(NGNode.java:2313)
	at com.sun.javafx.sg.prism.NGNode.renderClip(NGNode.java:2283)
	at com.sun.javafx.sg.prism.NGNode.doRender(NGNode.java:2068)
	at com.sun.javafx.sg.prism.NGNode.render(NGNode.java:1966)
	at com.sun.javafx.tk.quantum.ViewPainter.doPaint(ViewPainter.java:480)
	at com.sun.javafx.tk.quantum.ViewPainter.paintImpl(ViewPainter.java:321)
	at com.sun.javafx.tk.quantum.PresentingPainter.run(PresentingPainter.java:92)
	at java.base/java.util.concurrent.Executors$RunnableAdapter.call(Executors.java:539)
	at java.base/java.util.concurrent.FutureTask.runAndReset(FutureTask.java:305)
	at com.sun.javafx.tk.RenderJob.run(RenderJob.java:58)
	at java.base/java.util.concurrent.ThreadPoolExecutor.runWorker(ThreadPoolExecutor.java:1136)
	at java.base/java.util.concurrent.ThreadPoolExecutor$Worker.run(ThreadPoolExecutor.java:635)
	at com.sun.javafx.tk.quantum.QuantumRenderer$PipelineRunnable.run(QuantumRenderer.java:126)
	at java.base/java.lang.Thread.run(Thread.java:840)
Caused by: java.lang.ClassNotFoundException: com.sun.prism.impl.ps.CachingShapeRep
	at java.base/jdk.internal.loader.BuiltinClassLoader.loadClass(BuiltinClassLoader.java:641)
	at java.base/jdk.internal.loader.ClassLoaders$AppClassLoader.loadClass(ClassLoaders.java:188)
	at java.base/java.lang.ClassLoader.loadClass(ClassLoader.java:525)
	... 52 more
java.lang.NoClassDefFoundError: com/sun/prism/impl/ps/CachingShapeRep
	at com.sun.prism.impl.ps.BaseShaderFactory.createPathRep(BaseShaderFactory.java:56)
	at com.sun.javafx.sg.prism.NGShape.createShapeRep(NGShape.java:166)
	at com.sun.javafx.sg.prism.NGShape.renderContent2D(NGShape.java:283)
	at com.sun.javafx.sg.prism.NGShape.renderContent(NGShape.java:261)
	at com.sun.javafx.sg.prism.NGNode.doRender(NGNode.java:2074)
	at com.sun.javafx.sg.prism.NGNode.render(NGNode.java:1966)
	at com.sun.javafx.sg.prism.NGGroup.renderContent(NGGroup.java:270)
	at com.sun.javafx.sg.prism.NGRegion.renderContent(NGRegion.java:579)
	at com.sun.javafx.sg.prism.NGNode.doRender(NGNode.java:2074)
	at com.sun.javafx.sg.prism.NGNode.render(NGNode.java:1966)
	at com.sun.javafx.sg.prism.NGGroup.renderContent(NGGroup.java:270)
	at com.sun.javafx.sg.prism.NGRegion.renderContent(NGRegion.java:579)
	at com.sun.javafx.sg.prism.NGNode.doRender(NGNode.java:2074)
	at com.sun.javafx.sg.prism.NGNode.render(NGNode.java:1966)
	at com.sun.javafx.sg.prism.NGGroup.renderContent(NGGroup.java:270)
	at com.sun.javafx.sg.prism.NGRegion.renderContent(NGRegion.java:579)
	at com.sun.javafx.sg.prism.NGNode.doRender(NGNode.java:2074)
	at com.sun.javafx.sg.prism.NGNode.render(NGNode.java:1966)
	at com.sun.javafx.sg.prism.NGGroup.renderContent(NGGroup.java:270)
	at com.sun.javafx.sg.prism.NGRegion.renderContent(NGRegion.java:579)
	at com.sun.javafx.sg.prism.NGNode.doRender(NGNode.java:2074)
	at com.sun.javafx.sg.prism.NGNode.render(NGNode.java:1966)
	at com.sun.javafx.sg.prism.NGGroup.renderContent(NGGroup.java:270)
	at com.sun.javafx.sg.prism.NGRegion.renderContent(NGRegion.java:579)
	at com.sun.javafx.sg.prism.NGNode.doRender(NGNode.java:2074)
	at com.sun.javafx.sg.prism.NGNode.render(NGNode.java:1966)
	at com.sun.javafx.sg.prism.NGGroup.renderContent(NGGroup.java:270)
	at com.sun.javafx.sg.prism.NGRegion.renderContent(NGRegion.java:579)
	at com.sun.javafx.sg.prism.NodeEffectInput.getImageDataForBoundedNode(NodeEffectInput.java:237)
	at com.sun.javafx.sg.prism.NodeEffectInput.filter(NodeEffectInput.java:131)
	at com.sun.scenario.effect.FilterEffect.filter(FilterEffect.java:185)
	at com.sun.scenario.effect.Offset.filter(Offset.java:160)
	at com.sun.scenario.effect.Merge.filter(Merge.java:148)
	at com.sun.scenario.effect.DelegateEffect.filter(DelegateEffect.java:70)
	at com.sun.scenario.effect.impl.prism.PrEffectHelper.render(PrEffectHelper.java:166)
	at com.sun.javafx.sg.prism.EffectFilter.render(EffectFilter.java:61)
	at com.sun.javafx.sg.prism.NGNode.renderEffect(NGNode.java:2386)
	at com.sun.javafx.sg.prism.NGNode.renderForClip(NGNode.java:2313)
	at com.sun.javafx.sg.prism.NGNode.renderClip(NGNode.java:2283)
	at com.sun.javafx.sg.prism.NGNode.doRender(NGNode.java:2068)
	at com.sun.javafx.sg.prism.NGNode.render(NGNode.java:1966)
	at com.sun.javafx.tk.quantum.ViewPainter.doPaint(ViewPainter.java:480)
	at com.sun.javafx.tk.quantum.ViewPainter.paintImpl(ViewPainter.java:321)
	at com.sun.javafx.tk.quantum.PresentingPainter.run(PresentingPainter.java:92)
	at java.base/java.util.concurrent.Executors$RunnableAdapter.call(Executors.java:539)
	at java.base/java.util.concurrent.FutureTask.runAndReset(FutureTask.java:305)
	at com.sun.javafx.tk.RenderJob.run(RenderJob.java:58)
	at java.base/java.util.concurrent.ThreadPoolExecutor.runWorker(ThreadPoolExecutor.java:1136)
	at java.base/java.util.concurrent.ThreadPoolExecutor$Worker.run(ThreadPoolExecutor.java:635)
	at com.sun.javafx.tk.quantum.QuantumRenderer$PipelineRunnable.run(QuantumRenderer.java:126)
	at java.base/java.lang.Thread.run(Thread.java:840)
Caused by: java.lang.ClassNotFoundException: com.sun.prism.impl.ps.CachingShapeRep
	... 51 more
java.lang.NoClassDefFoundError: com/sun/prism/impl/ps/CachingShapeRep
	at com.sun.prism.impl.ps.BaseShaderFactory.createPathRep(BaseShaderFactory.java:56)
	at com.sun.javafx.sg.prism.NGShape.createShapeRep(NGShape.java:166)
	at com.sun.javafx.sg.prism.NGShape.renderContent2D(NGShape.java:283)
	at com.sun.javafx.sg.prism.NGShape.renderContent(NGShape.java:261)
	at com.sun.javafx.sg.prism.NGNode.doRender(NGNode.java:2074)
	at com.sun.javafx.sg.prism.NGNode.render(NGNode.java:1966)
	at com.sun.javafx.sg.prism.NGGroup.renderContent(NGGroup.java:270)
	at com.sun.javafx.sg.prism.NGRegion.renderContent(NGRegion.java:579)
	at com.sun.javafx.sg.prism.NGNode.doRender(NGNode.java:2074)
	at com.sun.javafx.sg.prism.NGNode.render(NGNode.java:1966)
	at com.sun.javafx.sg.prism.NGGroup.renderContent(NGGroup.java:270)
	at com.sun.javafx.sg.prism.NGRegion.renderContent(NGRegion.java:579)
	at com.sun.javafx.sg.prism.NGNode.doRender(NGNode.java:2074)
	at com.sun.javafx.sg.prism.NGNode.render(NGNode.java:1966)
	at com.sun.javafx.sg.prism.NGGroup.renderContent(NGGroup.java:270)
	at com.sun.javafx.sg.prism.NGRegion.renderContent(NGRegion.java:579)
	at com.sun.javafx.sg.prism.NGNode.doRender(NGNode.java:2074)
	at com.sun.javafx.sg.prism.NGNode.render(NGNode.java:1966)
	at com.sun.javafx.sg.prism.NGGroup.renderContent(NGGroup.java:270)
	at com.sun.javafx.sg.prism.NGRegion.renderContent(NGRegion.java:579)
	at com.sun.javafx.sg.prism.NGNode.doRender(NGNode.java:2074)
	at com.sun.javafx.sg.prism.NGNode.render(NGNode.java:1966)
	at com.sun.javafx.sg.prism.NGGroup.renderContent(NGGroup.java:270)
	at com.sun.javafx.sg.prism.NGRegion.renderContent(NGRegion.java:579)
	at com.sun.javafx.sg.prism.NGNode.doRender(NGNode.java:2074)
	at com.sun.javafx.sg.prism.NGNode.render(NGNode.java:1966)
	at com.sun.javafx.sg.prism.NGGroup.renderContent(NGGroup.java:270)
	at com.sun.javafx.sg.prism.NGRegion.renderContent(NGRegion.java:579)
	at com.sun.javafx.sg.prism.NodeEffectInput.getImageDataForBoundedNode(NodeEffectInput.java:237)
	at com.sun.javafx.sg.prism.NodeEffectInput.filter(NodeEffectInput.java:131)
	at com.sun.scenario.effect.FilterEffect.filter(FilterEffect.java:185)
	at com.sun.scenario.effect.Offset.filter(Offset.java:160)
	at com.sun.scenario.effect.Merge.filter(Merge.java:148)
	at com.sun.scenario.effect.DelegateEffect.filter(DelegateEffect.java:70)
	at com.sun.scenario.effect.impl.prism.PrEffectHelper.render(PrEffectHelper.java:166)
	at com.sun.javafx.sg.prism.EffectFilter.render(EffectFilter.java:61)
	at com.sun.javafx.sg.prism.NGNode.renderEffect(NGNode.java:2386)
	at com.sun.javafx.sg.prism.NGNode.renderForClip(NGNode.java:2313)
	at com.sun.javafx.sg.prism.NGNode.renderClip(NGNode.java:2283)
	at com.sun.javafx.sg.prism.NGNode.doRender(NGNode.java:2068)
	at com.sun.javafx.sg.prism.NGNode.render(NGNode.java:1966)
	at com.sun.javafx.tk.quantum.ViewPainter.doPaint(ViewPainter.java:480)
	at com.sun.javafx.tk.quantum.ViewPainter.paintImpl(ViewPainter.java:321)
	at com.sun.javafx.tk.quantum.PresentingPainter.run(PresentingPainter.java:92)
	at java.base/java.util.concurrent.Executors$RunnableAdapter.call(Executors.java:539)
	at java.base/java.util.concurrent.FutureTask.runAndReset(FutureTask.java:305)
	at com.sun.javafx.tk.RenderJob.run(RenderJob.java:58)
	at java.base/java.util.concurrent.ThreadPoolExecutor.runWorker(ThreadPoolExecutor.java:1136)
	at java.base/java.util.concurrent.ThreadPoolExecutor$Worker.run(ThreadPoolExecutor.java:635)
	at com.sun.javafx.tk.quantum.QuantumRenderer$PipelineRunnable.run(QuantumRenderer.java:126)
	at java.base/java.lang.Thread.run(Thread.java:840)
Caused by: java.lang.ClassNotFoundException: com.sun.prism.impl.ps.CachingShapeRep
	... 51 more
Exception in thread "JavaFX Application Thread" java.lang.NoClassDefFoundError: javafx/scene/control/ChoiceBox
	at com.yeahmobi.everything.ui.MainController.isDragBlockedTarget(MainController.java:1404)
	at com.yeahmobi.everything.ui.MainController.lambda$installDragBehavior$17(MainController.java:1376)
	at com.sun.javafx.event.CompositeEventHandler$NormalEventFilterRecord.handleCapturingEvent(CompositeEventHandler.java:321)
	at com.sun.javafx.event.CompositeEventHandler.dispatchCapturingEvent(CompositeEventHandler.java:98)
	at com.sun.javafx.event.EventHandlerManager.dispatchCapturingEvent(EventHandlerManager.java:219)
	at com.sun.javafx.event.EventHandlerManager.dispatchCapturingEvent(EventHandlerManager.java:178)
	at com.sun.javafx.event.CompositeEventDispatcher.dispatchCapturingEvent(CompositeEventDispatcher.java:43)
	at com.sun.javafx.event.BasicEventDispatcher.dispatchEvent(BasicEventDispatcher.java:52)
	at com.sun.javafx.event.EventDispatchChainImpl.dispatchEvent(EventDispatchChainImpl.java:114)
	at com.sun.javafx.event.BasicEventDispatcher.dispatchEvent(BasicEventDispatcher.java:56)
	at com.sun.javafx.event.EventDispatchChainImpl.dispatchEvent(EventDispatchChainImpl.java:114)
	at com.sun.javafx.event.BasicEventDispatcher.dispatchEvent(BasicEventDispatcher.java:56)
	at com.sun.javafx.event.EventDispatchChainImpl.dispatchEvent(EventDispatchChainImpl.java:114)
	at com.sun.javafx.event.EventUtil.fireEventImpl(EventUtil.java:74)
	at com.sun.javafx.event.EventUtil.fireEvent(EventUtil.java:54)
	at javafx.event.Event.fireEvent(Event.java:198)
	at javafx.scene.Scene$MouseHandler.process(Scene.java:3984)
	at javafx.scene.Scene.processMouseEvent(Scene.java:1890)
	at javafx.scene.Scene$ScenePeerListener.mouseEvent(Scene.java:2708)
	at com.sun.javafx.tk.quantum.GlassViewEventHandler$MouseEventNotification.run(GlassViewEventHandler.java:411)
	at com.sun.javafx.tk.quantum.GlassViewEventHandler$MouseEventNotification.run(GlassViewEventHandler.java:301)
	at java.base/java.security.AccessController.doPrivileged(AccessController.java:399)
	at com.sun.javafx.tk.quantum.GlassViewEventHandler.lambda$handleMouseEvent$2(GlassViewEventHandler.java:450)
	at com.sun.javafx.tk.quantum.QuantumToolkit.runWithoutRenderLock(QuantumToolkit.java:424)
	at com.sun.javafx.tk.quantum.GlassViewEventHandler.handleMouseEvent(GlassViewEventHandler.java:449)
	at com.sun.glass.ui.View.handleMouseEvent(View.java:551)
	at com.sun.glass.ui.View.notifyMouse(View.java:937)
	at com.sun.glass.ui.mac.MacView.notifyMouse(MacView.java:127)
Caused by: java.lang.ClassNotFoundException: javafx.scene.control.ChoiceBox
	... 28 more
java.lang.NoClassDefFoundError: com/sun/prism/impl/ps/CachingShapeRep
	at com.sun.prism.impl.ps.BaseShaderFactory.createPathRep(BaseShaderFactory.java:56)
	at com.sun.javafx.sg.prism.NGShape.createShapeRep(NGShape.java:166)
	at com.sun.javafx.sg.prism.NGShape.renderContent2D(NGShape.java:283)
	at com.sun.javafx.sg.prism.NGShape.renderContent(NGShape.java:261)
	at com.sun.javafx.sg.prism.NGNode.doRender(NGNode.java:2074)
	at com.sun.javafx.sg.prism.NGNode.render(NGNode.java:1966)
	at com.sun.javafx.sg.prism.NGGroup.renderContent(NGGroup.java:270)
	at com.sun.javafx.sg.prism.NGRegion.renderContent(NGRegion.java:579)
	at com.sun.javafx.sg.prism.NGNode.doRender(NGNode.java:2074)
	at com.sun.javafx.sg.prism.NGNode.render(NGNode.java:1966)
	at com.sun.javafx.sg.prism.NGGroup.renderContent(NGGroup.java:270)
	at com.sun.javafx.sg.prism.NGRegion.renderContent(NGRegion.java:579)
	at com.sun.javafx.sg.prism.NGNode.doRender(NGNode.java:2074)
	at com.sun.javafx.sg.prism.NGNode.render(NGNode.java:1966)
	at com.sun.javafx.sg.prism.NGGroup.renderContent(NGGroup.java:270)
	at com.sun.javafx.sg.prism.NGRegion.renderContent(NGRegion.java:579)
	at com.sun.javafx.sg.prism.NGNode.doRender(NGNode.java:2074)
	at com.sun.javafx.sg.prism.NGNode.render(NGNode.java:1966)
	at com.sun.javafx.sg.prism.NGGroup.renderContent(NGGroup.java:270)
	at com.sun.javafx.sg.prism.NGRegion.renderContent(NGRegion.java:579)
	at com.sun.javafx.sg.prism.NGNode.doRender(NGNode.java:2074)
	at com.sun.javafx.sg.prism.NGNode.render(NGNode.java:1966)
	at com.sun.javafx.sg.prism.NGGroup.renderContent(NGGroup.java:270)
	at com.sun.javafx.sg.prism.NGRegion.renderContent(NGRegion.java:579)
	at com.sun.javafx.sg.prism.NGNode.doRender(NGNode.java:2074)
	at com.sun.javafx.sg.prism.NGNode.render(NGNode.java:1966)
	at com.sun.javafx.sg.prism.NGGroup.renderContent(NGGroup.java:270)
	at com.sun.javafx.sg.prism.NGRegion.renderContent(NGRegion.java:579)
	at com.sun.javafx.sg.prism.NodeEffectInput.getImageDataForBoundedNode(NodeEffectInput.java:237)
	at com.sun.javafx.sg.prism.NodeEffectInput.filter(NodeEffectInput.java:131)
	at com.sun.scenario.effect.FilterEffect.filter(FilterEffect.java:185)
	at com.sun.scenario.effect.Offset.filter(Offset.java:160)
	at com.sun.scenario.effect.Merge.filter(Merge.java:148)
	at com.sun.scenario.effect.DelegateEffect.filter(DelegateEffect.java:70)
	at com.sun.scenario.effect.impl.prism.PrEffectHelper.render(PrEffectHelper.java:166)
	at com.sun.javafx.sg.prism.EffectFilter.render(EffectFilter.java:61)
	at com.sun.javafx.sg.prism.NGNode.renderEffect(NGNode.java:2386)
	at com.sun.javafx.sg.prism.NGNode.renderForClip(NGNode.java:2313)
	at com.sun.javafx.sg.prism.NGNode.renderClip(NGNode.java:2283)
	at com.sun.javafx.sg.prism.NGNode.doRender(NGNode.java:2068)
	at com.sun.javafx.sg.prism.NGNode.render(NGNode.java:1966)
	at com.sun.javafx.tk.quantum.ViewPainter.doPaint(ViewPainter.java:480)
	at com.sun.javafx.tk.quantum.ViewPainter.paintImpl(ViewPainter.java:329)
	at com.sun.javafx.tk.quantum.PresentingPainter.run(PresentingPainter.java:92)
	at java.base/java.util.concurrent.Executors$RunnableAdapter.call(Executors.java:539)
	at java.base/java.util.concurrent.FutureTask.runAndReset(FutureTask.java:305)
	at com.sun.javafx.tk.RenderJob.run(RenderJob.java:58)
	at java.base/java.util.concurrent.ThreadPoolExecutor.runWorker(ThreadPoolExecutor.java:1136)
	at java.base/java.util.concurrent.ThreadPoolExecutor$Worker.run(ThreadPoolExecutor.java:635)
	at com.sun.javafx.tk.quantum.QuantumRenderer$PipelineRunnable.run(QuantumRenderer.java:126)
	at java.base/java.lang.Thread.run(Thread.java:840)
Caused by: java.lang.ClassNotFoundException: com.sun.prism.impl.ps.CachingShapeRep
	... 51 more
Exception in thread "JavaFX Application Thread" java.lang.NoClassDefFoundError: javafx/scene/control/ChoiceBox
	at com.yeahmobi.everything.ui.MainController.isDragBlockedTarget(MainController.java:1404)
	at com.yeahmobi.everything.ui.MainController.lambda$installDragBehavior$17(MainController.java:1376)
	at com.sun.javafx.event.CompositeEventHandler$NormalEventFilterRecord.handleCapturingEvent(CompositeEventHandler.java:321)
	at com.sun.javafx.event.CompositeEventHandler.dispatchCapturingEvent(CompositeEventHandler.java:98)
	at com.sun.javafx.event.EventHandlerManager.dispatchCapturingEvent(EventHandlerManager.java:219)
	at com.sun.javafx.event.EventHandlerManager.dispatchCapturingEvent(EventHandlerManager.java:178)
	at com.sun.javafx.event.CompositeEventDispatcher.dispatchCapturingEvent(CompositeEventDispatcher.java:43)
	at com.sun.javafx.event.BasicEventDispatcher.dispatchEvent(BasicEventDispatcher.java:52)
	at com.sun.javafx.event.EventDispatchChainImpl.dispatchEvent(EventDispatchChainImpl.java:114)
	at com.sun.javafx.event.BasicEventDispatcher.dispatchEvent(BasicEventDispatcher.java:56)
	at com.sun.javafx.event.EventDispatchChainImpl.dispatchEvent(EventDispatchChainImpl.java:114)
	at com.sun.javafx.event.BasicEventDispatcher.dispatchEvent(BasicEventDispatcher.java:56)
	at com.sun.javafx.event.EventDispatchChainImpl.dispatchEvent(EventDispatchChainImpl.java:114)
	at com.sun.javafx.event.EventUtil.fireEventImpl(EventUtil.java:74)
	at com.sun.javafx.event.EventUtil.fireEvent(EventUtil.java:54)
	at javafx.event.Event.fireEvent(Event.java:198)
	at javafx.scene.Scene$MouseHandler.process(Scene.java:3984)
	at javafx.scene.Scene.processMouseEvent(Scene.java:1890)
	at javafx.scene.Scene$ScenePeerListener.mouseEvent(Scene.java:2708)
	at com.sun.javafx.tk.quantum.GlassViewEventHandler$MouseEventNotification.run(GlassViewEventHandler.java:411)
	at com.sun.javafx.tk.quantum.GlassViewEventHandler$MouseEventNotification.run(GlassViewEventHandler.java:301)
	at java.base/java.security.AccessController.doPrivileged(AccessController.java:399)
	at com.sun.javafx.tk.quantum.GlassViewEventHandler.lambda$handleMouseEvent$2(GlassViewEventHandler.java:450)
	at com.sun.javafx.tk.quantum.QuantumToolkit.runWithoutRenderLock(QuantumToolkit.java:424)
	at com.sun.javafx.tk.quantum.GlassViewEventHandler.handleMouseEvent(GlassViewEventHandler.java:449)
	at com.sun.glass.ui.View.handleMouseEvent(View.java:551)
	at com.sun.glass.ui.View.notifyMouse(View.java:937)
	at com.sun.glass.ui.mac.MacView.notifyMouse(MacView.java:127)
Caused by: java.lang.ClassNotFoundException: javafx.scene.control.ChoiceBox
	... 28 more
java.lang.NoClassDefFoundError: com/sun/prism/impl/ps/CachingShapeRep
	at com.sun.prism.impl.ps.BaseShaderFactory.createPathRep(BaseShaderFactory.java:56)
	at com.sun.javafx.sg.prism.NGShape.createShapeRep(NGShape.java:166)
	at com.sun.javafx.sg.prism.NGShape.renderContent2D(NGShape.java:283)
	at com.sun.javafx.sg.prism.NGShape.renderContent(NGShape.java:261)
	at com.sun.javafx.sg.prism.NGNode.doRender(NGNode.java:2074)
	at com.sun.javafx.sg.prism.NGNode.render(NGNode.java:1966)
	at com.sun.javafx.sg.prism.NGGroup.renderContent(NGGroup.java:270)
	at com.sun.javafx.sg.prism.NGRegion.renderContent(NGRegion.java:579)
	at com.sun.javafx.sg.prism.NGNode.doRender(NGNode.java:2074)
	at com.sun.javafx.sg.prism.NGNode.render(NGNode.java:1966)
	at com.sun.javafx.sg.prism.NGGroup.renderContent(NGGroup.java:270)
	at com.sun.javafx.sg.prism.NGRegion.renderContent(NGRegion.java:579)
	at com.sun.javafx.sg.prism.NGNode.doRender(NGNode.java:2074)
	at com.sun.javafx.sg.prism.NGNode.render(NGNode.java:1966)
	at com.sun.javafx.sg.prism.NGGroup.renderContent(NGGroup.java:270)
	at com.sun.javafx.sg.prism.NGRegion.renderContent(NGRegion.java:579)
	at com.sun.javafx.sg.prism.NGNode.doRender(NGNode.java:2074)
	at com.sun.javafx.sg.prism.NGNode.render(NGNode.java:1966)
	at com.sun.javafx.sg.prism.NGGroup.renderContent(NGGroup.java:270)
	at com.sun.javafx.sg.prism.NGRegion.renderContent(NGRegion.java:579)
	at com.sun.javafx.sg.prism.NGNode.doRender(NGNode.java:2074)
	at com.sun.javafx.sg.prism.NGNode.render(NGNode.java:1966)
	at com.sun.javafx.sg.prism.NGGroup.renderContent(NGGroup.java:270)
	at com.sun.javafx.sg.prism.NGRegion.renderContent(NGRegion.java:579)
	at com.sun.javafx.sg.prism.NGNode.doRender(NGNode.java:2074)
	at com.sun.javafx.sg.prism.NGNode.render(NGNode.java:1966)
	at com.sun.javafx.sg.prism.NGGroup.renderContent(NGGroup.java:270)
	at com.sun.javafx.sg.prism.NGRegion.renderContent(NGRegion.java:579)
	at com.sun.javafx.sg.prism.NodeEffectInput.getImageDataForBoundedNode(NodeEffectInput.java:237)
	at com.sun.javafx.sg.prism.NodeEffectInput.filter(NodeEffectInput.java:131)
	at com.sun.scenario.effect.FilterEffect.filter(FilterEffect.java:185)
	at com.sun.scenario.effect.Offset.filter(Offset.java:160)
	at com.sun.scenario.effect.Merge.filter(Merge.java:148)
	at com.sun.scenario.effect.DelegateEffect.filter(DelegateEffect.java:70)
	at com.sun.scenario.effect.impl.prism.PrEffectHelper.render(PrEffectHelper.java:166)
	at com.sun.javafx.sg.prism.EffectFilter.render(EffectFilter.java:61)
	at com.sun.javafx.sg.prism.NGNode.renderEffect(NGNode.java:2386)
	at com.sun.javafx.sg.prism.NGNode.renderForClip(NGNode.java:2313)
	at com.sun.javafx.sg.prism.NGNode.renderClip(NGNode.java:2283)
	at com.sun.javafx.sg.prism.NGNode.doRender(NGNode.java:2068)
	at com.sun.javafx.sg.prism.NGNode.render(NGNode.java:1966)
	at com.sun.javafx.tk.quantum.ViewPainter.doPaint(ViewPainter.java:480)
	at com.sun.javafx.tk.quantum.ViewPainter.paintImpl(ViewPainter.java:329)
	at com.sun.javafx.tk.quantum.PresentingPainter.run(PresentingPainter.java:92)
	at java.base/java.util.concurrent.Executors$RunnableAdapter.call(Executors.java:539)
	at java.base/java.util.concurrent.FutureTask.runAndReset(FutureTask.java:305)
	at com.sun.javafx.tk.RenderJob.run(RenderJob.java:58)
	at java.base/java.util.concurrent.ThreadPoolExecutor.runWorker(ThreadPoolExecutor.java:1136)
	at java.base/java.util.concurrent.ThreadPoolExecutor$Worker.run(ThreadPoolExecutor.java:635)
	at com.sun.javafx.tk.quantum.QuantumRenderer$PipelineRunnable.run(QuantumRenderer.java:126)
	at java.base/java.lang.Thread.run(Thread.java:840)
Caused by: java.lang.ClassNotFoundException: com.sun.prism.impl.ps.CachingShapeRep
	... 51 more
Exception in thread "JavaFX Application Thread" java.lang.NoClassDefFoundError: javafx/scene/control/ChoiceBox
	at com.yeahmobi.everything.ui.MainController.isDragBlockedTarget(MainController.java:1404)
	at com.yeahmobi.everything.ui.MainController.lambda$installDragBehavior$17(MainController.java:1376)
	at com.sun.javafx.event.CompositeEventHandler$NormalEventFilterRecord.handleCapturingEvent(CompositeEventHandler.java:321)
	at com.sun.javafx.event.CompositeEventHandler.dispatchCapturingEvent(CompositeEventHandler.java:98)
	at com.sun.javafx.event.EventHandlerManager.dispatchCapturingEvent(EventHandlerManager.java:219)
	at com.sun.javafx.event.EventHandlerManager.dispatchCapturingEvent(EventHandlerManager.java:178)
	at com.sun.javafx.event.CompositeEventDispatcher.dispatchCapturingEvent(CompositeEventDispatcher.java:43)
	at com.sun.javafx.event.BasicEventDispatcher.dispatchEvent(BasicEventDispatcher.java:52)
	at com.sun.javafx.event.EventDispatchChainImpl.dispatchEvent(EventDispatchChainImpl.java:114)
	at com.sun.javafx.event.BasicEventDispatcher.dispatchEvent(BasicEventDispatcher.java:56)
	at com.sun.javafx.event.EventDispatchChainImpl.dispatchEvent(EventDispatchChainImpl.java:114)
	at com.sun.javafx.event.BasicEventDispatcher.dispatchEvent(BasicEventDispatcher.java:56)
	at com.sun.javafx.event.EventDispatchChainImpl.dispatchEvent(EventDispatchChainImpl.java:114)
	at com.sun.javafx.event.EventUtil.fireEventImpl(EventUtil.java:74)
	at com.sun.javafx.event.EventUtil.fireEvent(EventUtil.java:54)
	at javafx.event.Event.fireEvent(Event.java:198)
	at javafx.scene.Scene$MouseHandler.process(Scene.java:3984)
	at javafx.scene.Scene.processMouseEvent(Scene.java:1890)
	at javafx.scene.Scene$ScenePeerListener.mouseEvent(Scene.java:2708)
	at com.sun.javafx.tk.quantum.GlassViewEventHandler$MouseEventNotification.run(GlassViewEventHandler.java:411)
	at com.sun.javafx.tk.quantum.GlassViewEventHandler$MouseEventNotification.run(GlassViewEventHandler.java:301)
	at java.base/java.security.AccessController.doPrivileged(AccessController.java:399)
	at com.sun.javafx.tk.quantum.GlassViewEventHandler.lambda$handleMouseEvent$2(GlassViewEventHandler.java:450)
	at com.sun.javafx.tk.quantum.QuantumToolkit.runWithoutRenderLock(QuantumToolkit.java:424)
	at com.sun.javafx.tk.quantum.GlassViewEventHandler.handleMouseEvent(GlassViewEventHandler.java:449)
	at com.sun.glass.ui.View.handleMouseEvent(View.java:551)
	at com.sun.glass.ui.View.notifyMouse(View.java:937)
	at com.sun.glass.ui.mac.MacView.notifyMouse(MacView.java:127)
Caused by: java.lang.ClassNotFoundException: javafx.scene.control.ChoiceBox
	... 28 more
java.lang.NoClassDefFoundError: com/sun/prism/impl/ps/CachingShapeRep
	at com.sun.prism.impl.ps.BaseShaderFactory.createPathRep(BaseShaderFactory.java:56)
	at com.sun.javafx.sg.prism.NGShape.createShapeRep(NGShape.java:166)
	at com.sun.javafx.sg.prism.NGShape.renderContent2D(NGShape.java:283)
	at com.sun.javafx.sg.prism.NGShape.renderContent(NGShape.java:261)
	at com.sun.javafx.sg.prism.NGNode.doRender(NGNode.java:2074)
	at com.sun.javafx.sg.prism.NGNode.render(NGNode.java:1966)
	at com.sun.javafx.sg.prism.NGGroup.renderContent(NGGroup.java:270)
	at com.sun.javafx.sg.prism.NGRegion.renderContent(NGRegion.java:579)
	at com.sun.javafx.sg.prism.NGNode.doRender(NGNode.java:2074)
	at com.sun.javafx.sg.prism.NGNode.render(NGNode.java:1966)
	at com.sun.javafx.sg.prism.NGGroup.renderContent(NGGroup.java:270)
	at com.sun.javafx.sg.prism.NGRegion.renderContent(NGRegion.java:579)
	at com.sun.javafx.sg.prism.NGNode.doRender(NGNode.java:2074)
	at com.sun.javafx.sg.prism.NGNode.render(NGNode.java:1966)
	at com.sun.javafx.sg.prism.NGGroup.renderContent(NGGroup.java:270)
	at com.sun.javafx.sg.prism.NGRegion.renderContent(NGRegion.java:579)
	at com.sun.javafx.sg.prism.NGNode.doRender(NGNode.java:2074)
	at com.sun.javafx.sg.prism.NGNode.render(NGNode.java:1966)
	at com.sun.javafx.sg.prism.NGGroup.renderContent(NGGroup.java:270)
	at com.sun.javafx.sg.prism.NGRegion.renderContent(NGRegion.java:579)
	at com.sun.javafx.sg.prism.NGNode.doRender(NGNode.java:2074)
	at com.sun.javafx.sg.prism.NGNode.render(NGNode.java:1966)
	at com.sun.javafx.sg.prism.NGGroup.renderContent(NGGroup.java:270)
	at com.sun.javafx.sg.prism.NGRegion.renderContent(NGRegion.java:579)
	at com.sun.javafx.sg.prism.NGNode.doRender(NGNode.java:2074)
	at com.sun.javafx.sg.prism.NGNode.render(NGNode.java:1966)
	at com.sun.javafx.sg.prism.NGGroup.renderContent(NGGroup.java:270)
	at com.sun.javafx.sg.prism.NGRegion.renderContent(NGRegion.java:579)
	at com.sun.javafx.sg.prism.NodeEffectInput.getImageDataForBoundedNode(NodeEffectInput.java:237)
	at com.sun.javafx.sg.prism.NodeEffectInput.filter(NodeEffectInput.java:131)
	at com.sun.scenario.effect.FilterEffect.filter(FilterEffect.java:185)
	at com.sun.scenario.effect.Offset.filter(Offset.java:160)
	at com.sun.scenario.effect.Merge.filter(Merge.java:148)
	at com.sun.scenario.effect.DelegateEffect.filter(DelegateEffect.java:70)
	at com.sun.scenario.effect.impl.prism.PrEffectHelper.render(PrEffectHelper.java:166)
	at com.sun.javafx.sg.prism.EffectFilter.render(EffectFilter.java:61)
	at com.sun.javafx.sg.prism.NGNode.renderEffect(NGNode.java:2386)
	at com.sun.javafx.sg.prism.NGNode.renderForClip(NGNode.java:2313)
	at com.sun.javafx.sg.prism.NGNode.renderClip(NGNode.java:2283)
	at com.sun.javafx.sg.prism.NGNode.doRender(NGNode.java:2068)
	at com.sun.javafx.sg.prism.NGNode.render(NGNode.java:1966)
	at com.sun.javafx.tk.quantum.ViewPainter.doPaint(ViewPainter.java:480)
	at com.sun.javafx.tk.quantum.ViewPainter.paintImpl(ViewPainter.java:329)
	at com.sun.javafx.tk.quantum.PresentingPainter.run(PresentingPainter.java:92)
	at java.base/java.util.concurrent.Executors$RunnableAdapter.call(Executors.java:539)
	at java.base/java.util.concurrent.FutureTask.runAndReset(FutureTask.java:305)
	at com.sun.javafx.tk.RenderJob.run(RenderJob.java:58)
	at java.base/java.util.concurrent.ThreadPoolExecutor.runWorker(ThreadPoolExecutor.java:1136)
	at java.base/java.util.concurrent.ThreadPoolExecutor$Worker.run(ThreadPoolExecutor.java:635)
	at com.sun.javafx.tk.quantum.QuantumRenderer$PipelineRunnable.run(QuantumRenderer.java:126)
	at java.base/java.lang.Thread.run(Thread.java:840)
Caused by: java.lang.ClassNotFoundException: com.sun.prism.impl.ps.CachingShapeRep
	... 51 more
Exception in thread "JavaFX Application Thread" java.lang.NoClassDefFoundError: javafx/scene/control/ChoiceBox
	at com.yeahmobi.everything.ui.MainController.isDragBlockedTarget(MainController.java:1404)
	at com.yeahmobi.everything.ui.MainController.lambda$installDragBehavior$17(MainController.java:1376)
	at com.sun.javafx.event.CompositeEventHandler$NormalEventFilterRecord.handleCapturingEvent(CompositeEventHandler.java:321)
	at com.sun.javafx.event.CompositeEventHandler.dispatchCapturingEvent(CompositeEventHandler.java:98)
	at com.sun.javafx.event.EventHandlerManager.dispatchCapturingEvent(EventHandlerManager.java:219)
	at com.sun.javafx.event.EventHandlerManager.dispatchCapturingEvent(EventHandlerManager.java:178)
	at com.sun.javafx.event.CompositeEventDispatcher.dispatchCapturingEvent(CompositeEventDispatcher.java:43)
	at com.sun.javafx.event.BasicEventDispatcher.dispatchEvent(BasicEventDispatcher.java:52)
	at com.sun.javafx.event.EventDispatchChainImpl.dispatchEvent(EventDispatchChainImpl.java:114)
	at com.sun.javafx.event.BasicEventDispatcher.dispatchEvent(BasicEventDispatcher.java:56)
	at com.sun.javafx.event.EventDispatchChainImpl.dispatchEvent(EventDispatchChainImpl.java:114)
	at com.sun.javafx.event.BasicEventDispatcher.dispatchEvent(BasicEventDispatcher.java:56)
	at com.sun.javafx.event.EventDispatchChainImpl.dispatchEvent(EventDispatchChainImpl.java:114)
	at com.sun.javafx.event.EventUtil.fireEventImpl(EventUtil.java:74)
	at com.sun.javafx.event.EventUtil.fireEvent(EventUtil.java:54)
	at javafx.event.Event.fireEvent(Event.java:198)
	at javafx.scene.Scene$MouseHandler.process(Scene.java:3984)
	at javafx.scene.Scene.processMouseEvent(Scene.java:1890)
	at javafx.scene.Scene$ScenePeerListener.mouseEvent(Scene.java:2708)
	at com.sun.javafx.tk.quantum.GlassViewEventHandler$MouseEventNotification.run(GlassViewEventHandler.java:411)
	at com.sun.javafx.tk.quantum.GlassViewEventHandler$MouseEventNotification.run(GlassViewEventHandler.java:301)
	at java.base/java.security.AccessController.doPrivileged(AccessController.java:399)
	at com.sun.javafx.tk.quantum.GlassViewEventHandler.lambda$handleMouseEvent$2(GlassViewEventHandler.java:450)
	at com.sun.javafx.tk.quantum.QuantumToolkit.runWithoutRenderLock(QuantumToolkit.java:424)
	at com.sun.javafx.tk.quantum.GlassViewEventHandler.handleMouseEvent(GlassViewEventHandler.java:449)
	at com.sun.glass.ui.View.handleMouseEvent(View.java:551)
	at com.sun.glass.ui.View.notifyMouse(View.java:937)
	at com.sun.glass.ui.mac.MacView.notifyMouse(MacView.java:127)
Caused by: java.lang.ClassNotFoundException: javafx.scene.control.ChoiceBox
	... 28 more
Exception in thread "JavaFX Application Thread" java.lang.NoClassDefFoundError: javafx/scene/control/ChoiceBox
	at com.yeahmobi.everything.ui.MainController.isDragBlockedTarget(MainController.java:1404)
	at com.yeahmobi.everything.ui.MainController.lambda$installDragBehavior$17(MainController.java:1376)
	at com.sun.javafx.event.CompositeEventHandler$NormalEventFilterRecord.handleCapturingEvent(CompositeEventHandler.java:321)
	at com.sun.javafx.event.CompositeEventHandler.dispatchCapturingEvent(CompositeEventHandler.java:98)
	at com.sun.javafx.event.EventHandlerManager.dispatchCapturingEvent(EventHandlerManager.java:219)
	at com.sun.javafx.event.EventHandlerManager.dispatchCapturingEvent(EventHandlerManager.java:178)
	at com.sun.javafx.event.CompositeEventDispatcher.dispatchCapturingEvent(CompositeEventDispatcher.java:43)
	at com.sun.javafx.event.BasicEventDispatcher.dispatchEvent(BasicEventDispatcher.java:52)
	at com.sun.javafx.event.EventDispatchChainImpl.dispatchEvent(EventDispatchChainImpl.java:114)
	at com.sun.javafx.event.BasicEventDispatcher.dispatchEvent(BasicEventDispatcher.java:56)
	at com.sun.javafx.event.EventDispatchChainImpl.dispatchEvent(EventDispatchChainImpl.java:114)
	at com.sun.javafx.event.BasicEventDispatcher.dispatchEvent(BasicEventDispatcher.java:56)
	at com.sun.javafx.event.EventDispatchChainImpl.dispatchEvent(EventDispatchChainImpl.java:114)
	at com.sun.javafx.event.EventUtil.fireEventImpl(EventUtil.java:74)
	at com.sun.javafx.event.EventUtil.fireEvent(EventUtil.java:54)
	at javafx.event.Event.fireEvent(Event.java:198)
	at javafx.scene.Scene$MouseHandler.process(Scene.java:3984)
	at javafx.scene.Scene.processMouseEvent(Scene.java:1890)
	at javafx.scene.Scene$ScenePeerListener.mouseEvent(Scene.java:2708)
	at com.sun.javafx.tk.quantum.GlassViewEventHandler$MouseEventNotification.run(GlassViewEventHandler.java:411)
	at com.sun.javafx.tk.quantum.GlassViewEventHandler$MouseEventNotification.run(GlassViewEventHandler.java:301)
	at java.base/java.security.AccessController.doPrivileged(AccessController.java:399)
	at com.sun.javafx.tk.quantum.GlassViewEventHandler.lambda$handleMouseEvent$2(GlassViewEventHandler.java:450)
	at com.sun.javafx.tk.quantum.QuantumToolkit.runWithoutRenderLock(QuantumToolkit.java:424)
	at com.sun.javafx.tk.quantum.GlassViewEventHandler.handleMouseEvent(GlassViewEventHandler.java:449)
	at com.sun.glass.ui.View.handleMouseEvent(View.java:551)
	at com.sun.glass.ui.View.notifyMouse(View.java:937)
	at com.sun.glass.ui.mac.MacView.notifyMouse(MacView.java:127)
Caused by: java.lang.ClassNotFoundException: javafx.scene.control.ChoiceBox
	... 28 more
java.lang.NoClassDefFoundError: com/sun/prism/impl/ps/CachingShapeRep
	at com.sun.prism.impl.ps.BaseShaderFactory.createPathRep(BaseShaderFactory.java:56)
	at com.sun.javafx.sg.prism.NGShape.createShapeRep(NGShape.java:166)
	at com.sun.javafx.sg.prism.NGShape.renderContent2D(NGShape.java:283)
	at com.sun.javafx.sg.prism.NGShape.renderContent(NGShape.java:261)
	at com.sun.javafx.sg.prism.NGNode.doRender(NGNode.java:2074)
	at com.sun.javafx.sg.prism.NGNode.render(NGNode.java:1966)
	at com.sun.javafx.sg.prism.NGGroup.renderContent(NGGroup.java:270)
	at com.sun.javafx.sg.prism.NGRegion.renderContent(NGRegion.java:579)
	at com.sun.javafx.sg.prism.NGNode.doRender(NGNode.java:2074)
	at com.sun.javafx.sg.prism.NGNode.render(NGNode.java:1966)
	at com.sun.javafx.sg.prism.NGGroup.renderContent(NGGroup.java:270)
	at com.sun.javafx.sg.prism.NGRegion.renderContent(NGRegion.java:579)
	at com.sun.javafx.sg.prism.NGNode.doRender(NGNode.java:2074)
	at com.sun.javafx.sg.prism.NGNode.render(NGNode.java:1966)
	at com.sun.javafx.sg.prism.NGGroup.renderContent(NGGroup.java:270)
	at com.sun.javafx.sg.prism.NGRegion.renderContent(NGRegion.java:579)
	at com.sun.javafx.sg.prism.NGNode.doRender(NGNode.java:2074)
	at com.sun.javafx.sg.prism.NGNode.render(NGNode.java:1966)
	at com.sun.javafx.sg.prism.NGGroup.renderContent(NGGroup.java:270)
	at com.sun.javafx.sg.prism.NGRegion.renderContent(NGRegion.java:579)
	at com.sun.javafx.sg.prism.NGNode.doRender(NGNode.java:2074)
	at com.sun.javafx.sg.prism.NGNode.render(NGNode.java:1966)
	at com.sun.javafx.sg.prism.NGGroup.renderContent(NGGroup.java:270)
	at com.sun.javafx.sg.prism.NGRegion.renderContent(NGRegion.java:579)
	at com.sun.javafx.sg.prism.NGNode.doRender(NGNode.java:2074)
	at com.sun.javafx.sg.prism.NGNode.render(NGNode.java:1966)
	at com.sun.javafx.sg.prism.NGGroup.renderContent(NGGroup.java:270)
	at com.sun.javafx.sg.prism.NGRegion.renderContent(NGRegion.java:579)
	at com.sun.javafx.sg.prism.NodeEffectInput.getImageDataForBoundedNode(NodeEffectInput.java:237)
	at com.sun.javafx.sg.prism.NodeEffectInput.filter(NodeEffectInput.java:131)
	at com.sun.scenario.effect.FilterEffect.filter(FilterEffect.java:185)
	at com.sun.scenario.effect.Offset.filter(Offset.java:160)
	at com.sun.scenario.effect.Merge.filter(Merge.java:148)
	at com.sun.scenario.effect.DelegateEffect.filter(DelegateEffect.java:70)
	at com.sun.scenario.effect.impl.prism.PrEffectHelper.render(PrEffectHelper.java:166)
	at com.sun.javafx.sg.prism.EffectFilter.render(EffectFilter.java:61)
	at com.sun.javafx.sg.prism.NGNode.renderEffect(NGNode.java:2386)
	at com.sun.javafx.sg.prism.NGNode.renderForClip(NGNode.java:2313)
	at com.sun.javafx.sg.prism.NGNode.renderClip(NGNode.java:2283)
	at com.sun.javafx.sg.prism.NGNode.doRender(NGNode.java:2068)
	at com.sun.javafx.sg.prism.NGNode.render(NGNode.java:1966)
	at com.sun.javafx.tk.quantum.ViewPainter.doPaint(ViewPainter.java:480)
	at com.sun.javafx.tk.quantum.ViewPainter.paintImpl(ViewPainter.java:329)
	at com.sun.javafx.tk.quantum.PresentingPainter.run(PresentingPainter.java:92)
	at java.base/java.util.concurrent.Executors$RunnableAdapter.call(Executors.java:539)
	at java.base/java.util.concurrent.FutureTask.runAndReset(FutureTask.java:305)
	at com.sun.javafx.tk.RenderJob.run(RenderJob.java:58)
	at java.base/java.util.concurrent.ThreadPoolExecutor.runWorker(ThreadPoolExecutor.java:1136)
	at java.base/java.util.concurrent.ThreadPoolExecutor$Worker.run(ThreadPoolExecutor.java:635)
	at com.sun.javafx.tk.quantum.QuantumRenderer$PipelineRunnable.run(QuantumRenderer.java:126)
	at java.base/java.lang.Thread.run(Thread.java:840)
Caused by: java.lang.ClassNotFoundException: com.sun.prism.impl.ps.CachingShapeRep
	... 51 more
Exception in thread "JavaFX Application Thread" java.lang.NoClassDefFoundError: javafx/scene/control/ChoiceBox
	at com.yeahmobi.everything.ui.MainController.isDragBlockedTarget(MainController.java:1404)
	at com.yeahmobi.everything.ui.MainController.lambda$installDragBehavior$17(MainController.java:1376)
	at com.sun.javafx.event.CompositeEventHandler$NormalEventFilterRecord.handleCapturingEvent(CompositeEventHandler.java:321)
	at com.sun.javafx.event.CompositeEventHandler.dispatchCapturingEvent(CompositeEventHandler.java:98)
	at com.sun.javafx.event.EventHandlerManager.dispatchCapturingEvent(EventHandlerManager.java:219)
	at com.sun.javafx.event.EventHandlerManager.dispatchCapturingEvent(EventHandlerManager.java:178)
	at com.sun.javafx.event.CompositeEventDispatcher.dispatchCapturingEvent(CompositeEventDispatcher.java:43)
	at com.sun.javafx.event.BasicEventDispatcher.dispatchEvent(BasicEventDispatcher.java:52)
	at com.sun.javafx.event.EventDispatchChainImpl.dispatchEvent(EventDispatchChainImpl.java:114)
	at com.sun.javafx.event.BasicEventDispatcher.dispatchEvent(BasicEventDispatcher.java:56)
	at com.sun.javafx.event.EventDispatchChainImpl.dispatchEvent(EventDispatchChainImpl.java:114)
	at com.sun.javafx.event.BasicEventDispatcher.dispatchEvent(BasicEventDispatcher.java:56)
	at com.sun.javafx.event.EventDispatchChainImpl.dispatchEvent(EventDispatchChainImpl.java:114)
	at com.sun.javafx.event.EventUtil.fireEventImpl(EventUtil.java:74)
	at com.sun.javafx.event.EventUtil.fireEvent(EventUtil.java:54)
	at javafx.event.Event.fireEvent(Event.java:198)
	at javafx.scene.Scene$MouseHandler.process(Scene.java:3984)
	at javafx.scene.Scene.processMouseEvent(Scene.java:1890)
	at javafx.scene.Scene$ScenePeerListener.mouseEvent(Scene.java:2708)
	at com.sun.javafx.tk.quantum.GlassViewEventHandler$MouseEventNotification.run(GlassViewEventHandler.java:411)
	at com.sun.javafx.tk.quantum.GlassViewEventHandler$MouseEventNotification.run(GlassViewEventHandler.java:301)
	at java.base/java.security.AccessController.doPrivileged(AccessController.java:399)
	at com.sun.javafx.tk.quantum.GlassViewEventHandler.lambda$handleMouseEvent$2(GlassViewEventHandler.java:450)
	at com.sun.javafx.tk.quantum.QuantumToolkit.runWithoutRenderLock(QuantumToolkit.java:424)
	at com.sun.javafx.tk.quantum.GlassViewEventHandler.handleMouseEvent(GlassViewEventHandler.java:449)
	at com.sun.glass.ui.View.handleMouseEvent(View.java:551)
	at com.sun.glass.ui.View.notifyMouse(View.java:937)
	at com.sun.glass.ui.mac.MacView.notifyMouse(MacView.java:127)
Caused by: java.lang.ClassNotFoundException: javafx.scene.control.ChoiceBox
	... 28 more
java.lang.NoClassDefFoundError: com/sun/prism/impl/ps/CachingShapeRep
	at com.sun.prism.impl.ps.BaseShaderFactory.createPathRep(BaseShaderFactory.java:56)
	at com.sun.javafx.sg.prism.NGShape.createShapeRep(NGShape.java:166)
	at com.sun.javafx.sg.prism.NGShape.renderContent2D(NGShape.java:283)
	at com.sun.javafx.sg.prism.NGShape.renderContent(NGShape.java:261)
	at com.sun.javafx.sg.prism.NGNode.doRender(NGNode.java:2074)
	at com.sun.javafx.sg.prism.NGNode.render(NGNode.java:1966)
	at com.sun.javafx.sg.prism.NGGroup.renderContent(NGGroup.java:270)
	at com.sun.javafx.sg.prism.NGRegion.renderContent(NGRegion.java:579)
	at com.sun.javafx.sg.prism.NGNode.doRender(NGNode.java:2074)
	at com.sun.javafx.sg.prism.NGNode.render(NGNode.java:1966)
	at com.sun.javafx.sg.prism.NGGroup.renderContent(NGGroup.java:270)
	at com.sun.javafx.sg.prism.NGRegion.renderContent(NGRegion.java:579)
	at com.sun.javafx.sg.prism.NGNode.doRender(NGNode.java:2074)
	at com.sun.javafx.sg.prism.NGNode.render(NGNode.java:1966)
	at com.sun.javafx.sg.prism.NGGroup.renderContent(NGGroup.java:270)
	at com.sun.javafx.sg.prism.NGRegion.renderContent(NGRegion.java:579)
	at com.sun.javafx.sg.prism.NGNode.doRender(NGNode.java:2074)
	at com.sun.javafx.sg.prism.NGNode.render(NGNode.java:1966)
	at com.sun.javafx.sg.prism.NGGroup.renderContent(NGGroup.java:270)
	at com.sun.javafx.sg.prism.NGRegion.renderContent(NGRegion.java:579)
	at com.sun.javafx.sg.prism.NGNode.doRender(NGNode.java:2074)
	at com.sun.javafx.sg.prism.NGNode.render(NGNode.java:1966)
	at com.sun.javafx.sg.prism.NGGroup.renderContent(NGGroup.java:270)
	at com.sun.javafx.sg.prism.NGRegion.renderContent(NGRegion.java:579)
	at com.sun.javafx.sg.prism.NGNode.doRender(NGNode.java:2074)
	at com.sun.javafx.sg.prism.NGNode.render(NGNode.java:1966)
	at com.sun.javafx.sg.prism.NGGroup.renderContent(NGGroup.java:270)
	at com.sun.javafx.sg.prism.NGRegion.renderContent(NGRegion.java:579)
	at com.sun.javafx.sg.prism.NodeEffectInput.getImageDataForBoundedNode(NodeEffectInput.java:237)
	at com.sun.javafx.sg.prism.NodeEffectInput.filter(NodeEffectInput.java:131)
	at com.sun.scenario.effect.FilterEffect.filter(FilterEffect.java:185)
	at com.sun.scenario.effect.Offset.filter(Offset.java:160)
	at com.sun.scenario.effect.Merge.filter(Merge.java:148)
	at com.sun.scenario.effect.DelegateEffect.filter(DelegateEffect.java:70)
	at com.sun.scenario.effect.impl.prism.PrEffectHelper.render(PrEffectHelper.java:166)
	at com.sun.javafx.sg.prism.EffectFilter.render(EffectFilter.java:61)
	at com.sun.javafx.sg.prism.NGNode.renderEffect(NGNode.java:2386)
	at com.sun.javafx.sg.prism.NGNode.renderForClip(NGNode.java:2313)
	at com.sun.javafx.sg.prism.NGNode.renderClip(NGNode.java:2283)
	at com.sun.javafx.sg.prism.NGNode.doRender(NGNode.java:2068)
	at com.sun.javafx.sg.prism.NGNode.render(NGNode.java:1966)
	at com.sun.javafx.tk.quantum.ViewPainter.doPaint(ViewPainter.java:480)
	at com.sun.javafx.tk.quantum.ViewPainter.paintImpl(ViewPainter.java:329)
	at com.sun.javafx.tk.quantum.PresentingPainter.run(PresentingPainter.java:92)
	at java.base/java.util.concurrent.Executors$RunnableAdapter.call(Executors.java:539)
	at java.base/java.util.concurrent.FutureTask.runAndReset(FutureTask.java:305)
	at com.sun.javafx.tk.RenderJob.run(RenderJob.java:58)
	at java.base/java.util.concurrent.ThreadPoolExecutor.runWorker(ThreadPoolExecutor.java:1136)
	at java.base/java.util.concurrent.ThreadPoolExecutor$Worker.run(ThreadPoolExecutor.java:635)
	at com.sun.javafx.tk.quantum.QuantumRenderer$PipelineRunnable.run(QuantumRenderer.java:126)
	at java.base/java.lang.Thread.run(Thread.java:840)
Caused by: java.lang.ClassNotFoundException: com.sun.prism.impl.ps.CachingShapeRep
	... 51 more
java.lang.NoClassDefFoundError: com/sun/prism/impl/ps/CachingShapeRep
	at com.sun.prism.impl.ps.BaseShaderFactory.createPathRep(BaseShaderFactory.java:56)
	at com.sun.javafx.sg.prism.NGShape.createShapeRep(NGShape.java:166)
	at com.sun.javafx.sg.prism.NGShape.renderContent2D(NGShape.java:283)
	at com.sun.javafx.sg.prism.NGShape.renderContent(NGShape.java:261)
	at com.sun.javafx.sg.prism.NGNode.doRender(NGNode.java:2074)
	at com.sun.javafx.sg.prism.NGNode.render(NGNode.java:1966)
	at com.sun.javafx.sg.prism.NGGroup.renderContent(NGGroup.java:270)
	at com.sun.javafx.sg.prism.NGRegion.renderContent(NGRegion.java:579)
	at com.sun.javafx.sg.prism.NGNode.doRender(NGNode.java:2074)
	at com.sun.javafx.sg.prism.NGNode.render(NGNode.java:1966)
	at com.sun.javafx.sg.prism.NGGroup.renderContent(NGGroup.java:270)
	at com.sun.javafx.sg.prism.NGRegion.renderContent(NGRegion.java:579)
	at com.sun.javafx.sg.prism.NGNode.doRender(NGNode.java:2074)
	at com.sun.javafx.sg.prism.NGNode.render(NGNode.java:1966)
	at com.sun.javafx.sg.prism.NGGroup.renderContent(NGGroup.java:270)
	at com.sun.javafx.sg.prism.NGRegion.renderContent(NGRegion.java:579)
	at com.sun.javafx.sg.prism.NGNode.doRender(NGNode.java:2074)
	at com.sun.javafx.sg.prism.NGNode.render(NGNode.java:1966)
	at com.sun.javafx.sg.prism.NGGroup.renderContent(NGGroup.java:270)
	at com.sun.javafx.sg.prism.NGRegion.renderContent(NGRegion.java:579)
	at com.sun.javafx.sg.prism.NGNode.doRender(NGNode.java:2074)
	at com.sun.javafx.sg.prism.NGNode.render(NGNode.java:1966)
	at com.sun.javafx.sg.prism.NGGroup.renderContent(NGGroup.java:270)
	at com.sun.javafx.sg.prism.NGRegion.renderContent(NGRegion.java:579)
	at com.sun.javafx.sg.prism.NGNode.doRender(NGNode.java:2074)
	at com.sun.javafx.sg.prism.NGNode.render(NGNode.java:1966)
	at com.sun.javafx.sg.prism.NGGroup.renderContent(NGGroup.java:270)
	at com.sun.javafx.sg.prism.NGRegion.renderContent(NGRegion.java:579)
	at com.sun.javafx.sg.prism.NodeEffectInput.getImageDataForBoundedNode(NodeEffectInput.java:237)
	at com.sun.javafx.sg.prism.NodeEffectInput.filter(NodeEffectInput.java:131)
	at com.sun.scenario.effect.FilterEffect.filter(FilterEffect.java:185)
	at com.sun.scenario.effect.Offset.filter(Offset.java:160)
	at com.sun.scenario.effect.Merge.filter(Merge.java:148)
	at com.sun.scenario.effect.DelegateEffect.filter(DelegateEffect.java:70)
	at com.sun.scenario.effect.impl.prism.PrEffectHelper.render(PrEffectHelper.java:166)
	at com.sun.javafx.sg.prism.EffectFilter.render(EffectFilter.java:61)
	at com.sun.javafx.sg.prism.NGNode.renderEffect(NGNode.java:2386)
	at com.sun.javafx.sg.prism.NGNode.renderForClip(NGNode.java:2313)
	at com.sun.javafx.sg.prism.NGNode.renderClip(NGNode.java:2283)
	at com.sun.javafx.sg.prism.NGNode.doRender(NGNode.java:2068)
	at com.sun.javafx.sg.prism.NGNode.render(NGNode.java:1966)
	at com.sun.javafx.tk.quantum.ViewPainter.doPaint(ViewPainter.java:480)
	at com.sun.javafx.tk.quantum.ViewPainter.paintImpl(ViewPainter.java:329)
	at com.sun.javafx.tk.quantum.PresentingPainter.run(PresentingPainter.java:92)
	at java.base/java.util.concurrent.Executors$RunnableAdapter.call(Executors.java:539)
	at java.base/java.util.concurrent.FutureTask.runAndReset(FutureTask.java:305)
	at com.sun.javafx.tk.RenderJob.run(RenderJob.java:58)
	at java.base/java.util.concurrent.ThreadPoolExecutor.runWorker(ThreadPoolExecutor.java:1136)
	at java.base/java.util.concurrent.ThreadPoolExecutor$Worker.run(ThreadPoolExecutor.java:635)
	at com.sun.javafx.tk.quantum.QuantumRenderer$PipelineRunnable.run(QuantumRenderer.java:126)
	at java.base/java.lang.Thread.run(Thread.java:840)
Caused by: java.lang.ClassNotFoundException: com.sun.prism.impl.ps.CachingShapeRep
	... 51 more
Exception in thread "JavaFX Application Thread" java.lang.NoClassDefFoundError: javafx/scene/control/ChoiceBox
	at com.yeahmobi.everything.ui.MainController.isDragBlockedTarget(MainController.java:1404)
	at com.yeahmobi.everything.ui.MainController.lambda$installDragBehavior$17(MainController.java:1376)
	at com.sun.javafx.event.CompositeEventHandler$NormalEventFilterRecord.handleCapturingEvent(CompositeEventHandler.java:321)
	at com.sun.javafx.event.CompositeEventHandler.dispatchCapturingEvent(CompositeEventHandler.java:98)
	at com.sun.javafx.event.EventHandlerManager.dispatchCapturingEvent(EventHandlerManager.java:219)
	at com.sun.javafx.event.EventHandlerManager.dispatchCapturingEvent(EventHandlerManager.java:178)
	at com.sun.javafx.event.CompositeEventDispatcher.dispatchCapturingEvent(CompositeEventDispatcher.java:43)
	at com.sun.javafx.event.BasicEventDispatcher.dispatchEvent(BasicEventDispatcher.java:52)
	at com.sun.javafx.event.EventDispatchChainImpl.dispatchEvent(EventDispatchChainImpl.java:114)
	at com.sun.javafx.event.BasicEventDispatcher.dispatchEvent(BasicEventDispatcher.java:56)
	at com.sun.javafx.event.EventDispatchChainImpl.dispatchEvent(EventDispatchChainImpl.java:114)
	at com.sun.javafx.event.BasicEventDispatcher.dispatchEvent(BasicEventDispatcher.java:56)
	at com.sun.javafx.event.EventDispatchChainImpl.dispatchEvent(EventDispatchChainImpl.java:114)
	at com.sun.javafx.event.EventUtil.fireEventImpl(EventUtil.java:74)
	at com.sun.javafx.event.EventUtil.fireEvent(EventUtil.java:54)
	at javafx.event.Event.fireEvent(Event.java:198)
	at javafx.scene.Scene$MouseHandler.process(Scene.java:3984)
	at javafx.scene.Scene.processMouseEvent(Scene.java:1890)
	at javafx.scene.Scene$ScenePeerListener.mouseEvent(Scene.java:2708)
	at com.sun.javafx.tk.quantum.GlassViewEventHandler$MouseEventNotification.run(GlassViewEventHandler.java:411)
	at com.sun.javafx.tk.quantum.GlassViewEventHandler$MouseEventNotification.run(GlassViewEventHandler.java:301)
	at java.base/java.security.AccessController.doPrivileged(AccessController.java:399)
	at com.sun.javafx.tk.quantum.GlassViewEventHandler.lambda$handleMouseEvent$2(GlassViewEventHandler.java:450)
	at com.sun.javafx.tk.quantum.QuantumToolkit.runWithoutRenderLock(QuantumToolkit.java:424)
	at com.sun.javafx.tk.quantum.GlassViewEventHandler.handleMouseEvent(GlassViewEventHandler.java:449)
	at com.sun.glass.ui.View.handleMouseEvent(View.java:551)
	at com.sun.glass.ui.View.notifyMouse(View.java:937)
	at com.sun.glass.ui.mac.MacView.notifyMouse(MacView.java:127)
Caused by: java.lang.ClassNotFoundException: javafx.scene.control.ChoiceBox
	... 28 more
Exception in thread "JavaFX Application Thread" java.lang.NoClassDefFoundError: javafx/scene/control/ChoiceBox
	at com.yeahmobi.everything.ui.MainController.isDragBlockedTarget(MainController.java:1404)
	at com.yeahmobi.everything.ui.MainController.lambda$installDragBehavior$17(MainController.java:1376)
	at com.sun.javafx.event.CompositeEventHandler$NormalEventFilterRecord.handleCapturingEvent(CompositeEventHandler.java:321)
	at com.sun.javafx.event.CompositeEventHandler.dispatchCapturingEvent(CompositeEventHandler.java:98)
	at com.sun.javafx.event.EventHandlerManager.dispatchCapturingEvent(EventHandlerManager.java:219)
	at com.sun.javafx.event.EventHandlerManager.dispatchCapturingEvent(EventHandlerManager.java:178)
	at com.sun.javafx.event.CompositeEventDispatcher.dispatchCapturingEvent(CompositeEventDispatcher.java:43)
	at com.sun.javafx.event.BasicEventDispatcher.dispatchEvent(BasicEventDispatcher.java:52)
	at com.sun.javafx.event.EventDispatchChainImpl.dispatchEvent(EventDispatchChainImpl.java:114)
	at com.sun.javafx.event.BasicEventDispatcher.dispatchEvent(BasicEventDispatcher.java:56)
	at com.sun.javafx.event.EventDispatchChainImpl.dispatchEvent(EventDispatchChainImpl.java:114)
	at com.sun.javafx.event.BasicEventDispatcher.dispatchEvent(BasicEventDispatcher.java:56)
	at com.sun.javafx.event.EventDispatchChainImpl.dispatchEvent(EventDispatchChainImpl.java:114)
	at com.sun.javafx.event.EventUtil.fireEventImpl(EventUtil.java:74)
	at com.sun.javafx.event.EventUtil.fireEvent(EventUtil.java:54)
	at javafx.event.Event.fireEvent(Event.java:198)
	at javafx.scene.Scene$MouseHandler.process(Scene.java:3984)
	at javafx.scene.Scene.processMouseEvent(Scene.java:1890)
	at javafx.scene.Scene$ScenePeerListener.mouseEvent(Scene.java:2708)
	at com.sun.javafx.tk.quantum.GlassViewEventHandler$MouseEventNotification.run(GlassViewEventHandler.java:411)
	at com.sun.javafx.tk.quantum.GlassViewEventHandler$MouseEventNotification.run(GlassViewEventHandler.java:301)
	at java.base/java.security.AccessController.doPrivileged(AccessController.java:399)
	at com.sun.javafx.tk.quantum.GlassViewEventHandler.lambda$handleMouseEvent$2(GlassViewEventHandler.java:450)
	at com.sun.javafx.tk.quantum.QuantumToolkit.runWithoutRenderLock(QuantumToolkit.java:424)
	at com.sun.javafx.tk.quantum.GlassViewEventHandler.handleMouseEvent(GlassViewEventHandler.java:449)
	at com.sun.glass.ui.View.handleMouseEvent(View.java:551)
	at com.sun.glass.ui.View.notifyMouse(View.java:937)
	at com.sun.glass.ui.mac.MacView.notifyMouse(MacView.java:127)
Caused by: java.lang.ClassNotFoundException: javafx.scene.control.ChoiceBox
	... 28 more
java.lang.NoClassDefFoundError: com/sun/prism/impl/ps/CachingShapeRep
	at com.sun.prism.impl.ps.BaseShaderFactory.createPathRep(BaseShaderFactory.java:56)
	at com.sun.javafx.sg.prism.NGShape.createShapeRep(NGShape.java:166)
	at com.sun.javafx.sg.prism.NGShape.renderContent2D(NGShape.java:283)
	at com.sun.javafx.sg.prism.NGShape.renderContent(NGShape.java:261)
	at com.sun.javafx.sg.prism.NGNode.doRender(NGNode.java:2074)
	at com.sun.javafx.sg.prism.NGNode.render(NGNode.java:1966)
	at com.sun.javafx.sg.prism.NGGroup.renderContent(NGGroup.java:270)
	at com.sun.javafx.sg.prism.NGRegion.renderContent(NGRegion.java:579)
	at com.sun.javafx.sg.prism.NGNode.doRender(NGNode.java:2074)
	at com.sun.javafx.sg.prism.NGNode.render(NGNode.java:1966)
	at com.sun.javafx.sg.prism.NGGroup.renderContent(NGGroup.java:270)
	at com.sun.javafx.sg.prism.NGRegion.renderContent(NGRegion.java:579)
	at com.sun.javafx.sg.prism.NGNode.doRender(NGNode.java:2074)
	at com.sun.javafx.sg.prism.NGNode.render(NGNode.java:1966)
	at com.sun.javafx.sg.prism.NGGroup.renderContent(NGGroup.java:270)
	at com.sun.javafx.sg.prism.NGRegion.renderContent(NGRegion.java:579)
	at com.sun.javafx.sg.prism.NGNode.doRender(NGNode.java:2074)
	at com.sun.javafx.sg.prism.NGNode.render(NGNode.java:1966)
	at com.sun.javafx.sg.prism.NGGroup.renderContent(NGGroup.java:270)
	at com.sun.javafx.sg.prism.NGRegion.renderContent(NGRegion.java:579)
	at com.sun.javafx.sg.prism.NGNode.doRender(NGNode.java:2074)
	at com.sun.javafx.sg.prism.NGNode.render(NGNode.java:1966)
	at com.sun.javafx.sg.prism.NGGroup.renderContent(NGGroup.java:270)
	at com.sun.javafx.sg.prism.NGRegion.renderContent(NGRegion.java:579)
	at com.sun.javafx.sg.prism.NGNode.doRender(NGNode.java:2074)
	at com.sun.javafx.sg.prism.NGNode.render(NGNode.java:1966)
	at com.sun.javafx.sg.prism.NGGroup.renderContent(NGGroup.java:270)
	at com.sun.javafx.sg.prism.NGRegion.renderContent(NGRegion.java:579)
	at com.sun.javafx.sg.prism.NodeEffectInput.getImageDataForBoundedNode(NodeEffectInput.java:237)
	at com.sun.javafx.sg.prism.NodeEffectInput.filter(NodeEffectInput.java:131)
	at com.sun.scenario.effect.FilterEffect.filter(FilterEffect.java:185)
	at com.sun.scenario.effect.Offset.filter(Offset.java:160)
	at com.sun.scenario.effect.Merge.filter(Merge.java:148)
	at com.sun.scenario.effect.DelegateEffect.filter(DelegateEffect.java:70)
	at com.sun.scenario.effect.impl.prism.PrEffectHelper.render(PrEffectHelper.java:166)
	at com.sun.javafx.sg.prism.EffectFilter.render(EffectFilter.java:61)
	at com.sun.javafx.sg.prism.NGNode.renderEffect(NGNode.java:2386)
	at com.sun.javafx.sg.prism.NGNode.renderForClip(NGNode.java:2313)
	at com.sun.javafx.sg.prism.NGNode.renderClip(NGNode.java:2283)
	at com.sun.javafx.sg.prism.NGNode.doRender(NGNode.java:2068)
	at com.sun.javafx.sg.prism.NGNode.render(NGNode.java:1966)
	at com.sun.javafx.tk.quantum.ViewPainter.doPaint(ViewPainter.java:480)
	at com.sun.javafx.tk.quantum.ViewPainter.paintImpl(ViewPainter.java:329)
	at com.sun.javafx.tk.quantum.PresentingPainter.run(PresentingPainter.java:92)
	at java.base/java.util.concurrent.Executors$RunnableAdapter.call(Executors.java:539)
	at java.base/java.util.concurrent.FutureTask.runAndReset(FutureTask.java:305)
	at com.sun.javafx.tk.RenderJob.run(RenderJob.java:58)
	at java.base/java.util.concurrent.ThreadPoolExecutor.runWorker(ThreadPoolExecutor.java:1136)
	at java.base/java.util.concurrent.ThreadPoolExecutor$Worker.run(ThreadPoolExecutor.java:635)
	at com.sun.javafx.tk.quantum.QuantumRenderer$PipelineRunnable.run(QuantumRenderer.java:126)
	at java.base/java.lang.Thread.run(Thread.java:840)
Caused by: java.lang.ClassNotFoundException: com.sun.prism.impl.ps.CachingShapeRep
	... 51 more
Exception in thread "JavaFX Application Thread" java.lang.NoClassDefFoundError: javafx/scene/control/ChoiceBox
	at com.yeahmobi.everything.ui.MainController.isDragBlockedTarget(MainController.java:1404)
	at com.yeahmobi.everything.ui.MainController.lambda$installDragBehavior$17(MainController.java:1376)
	at com.sun.javafx.event.CompositeEventHandler$NormalEventFilterRecord.handleCapturingEvent(CompositeEventHandler.java:321)
	at com.sun.javafx.event.CompositeEventHandler.dispatchCapturingEvent(CompositeEventHandler.java:98)
	at com.sun.javafx.event.EventHandlerManager.dispatchCapturingEvent(EventHandlerManager.java:219)
	at com.sun.javafx.event.EventHandlerManager.dispatchCapturingEvent(EventHandlerManager.java:178)
	at com.sun.javafx.event.CompositeEventDispatcher.dispatchCapturingEvent(CompositeEventDispatcher.java:43)
	at com.sun.javafx.event.BasicEventDispatcher.dispatchEvent(BasicEventDispatcher.java:52)
	at com.sun.javafx.event.EventDispatchChainImpl.dispatchEvent(EventDispatchChainImpl.java:114)
	at com.sun.javafx.event.BasicEventDispatcher.dispatchEvent(BasicEventDispatcher.java:56)
	at com.sun.javafx.event.EventDispatchChainImpl.dispatchEvent(EventDispatchChainImpl.java:114)
	at com.sun.javafx.event.BasicEventDispatcher.dispatchEvent(BasicEventDispatcher.java:56)
	at com.sun.javafx.event.EventDispatchChainImpl.dispatchEvent(EventDispatchChainImpl.java:114)
	at com.sun.javafx.event.EventUtil.fireEventImpl(EventUtil.java:74)
	at com.sun.javafx.event.EventUtil.fireEvent(EventUtil.java:54)
	at javafx.event.Event.fireEvent(Event.java:198)
	at javafx.scene.Scene$MouseHandler.process(Scene.java:3984)
	at javafx.scene.Scene.processMouseEvent(Scene.java:1890)
	at javafx.scene.Scene$ScenePeerListener.mouseEvent(Scene.java:2708)
	at com.sun.javafx.tk.quantum.GlassViewEventHandler$MouseEventNotification.run(GlassViewEventHandler.java:411)
	at com.sun.javafx.tk.quantum.GlassViewEventHandler$MouseEventNotification.run(GlassViewEventHandler.java:301)
	at java.base/java.security.AccessController.doPrivileged(AccessController.java:399)
	at com.sun.javafx.tk.quantum.GlassViewEventHandler.lambda$handleMouseEvent$2(GlassViewEventHandler.java:450)
	at com.sun.javafx.tk.quantum.QuantumToolkit.runWithoutRenderLock(QuantumToolkit.java:424)
	at com.sun.javafx.tk.quantum.GlassViewEventHandler.handleMouseEvent(GlassViewEventHandler.java:449)
	at com.sun.glass.ui.View.handleMouseEvent(View.java:551)
	at com.sun.glass.ui.View.notifyMouse(View.java:937)
	at com.sun.glass.ui.mac.MacView.notifyMouse(MacView.java:127)
Caused by: java.lang.ClassNotFoundException: javafx.scene.control.ChoiceBox
	... 28 more
java.lang.NoClassDefFoundError: com/sun/prism/impl/ps/CachingShapeRep
	at com.sun.prism.impl.ps.BaseShaderFactory.createPathRep(BaseShaderFactory.java:56)
	at com.sun.javafx.sg.prism.NGShape.createShapeRep(NGShape.java:166)
	at com.sun.javafx.sg.prism.NGShape.renderContent2D(NGShape.java:283)
	at com.sun.javafx.sg.prism.NGShape.renderContent(NGShape.java:261)
	at com.sun.javafx.sg.prism.NGNode.doRender(NGNode.java:2074)
	at com.sun.javafx.sg.prism.NGNode.render(NGNode.java:1966)
	at com.sun.javafx.sg.prism.NGGroup.renderContent(NGGroup.java:270)
	at com.sun.javafx.sg.prism.NGRegion.renderContent(NGRegion.java:579)
	at com.sun.javafx.sg.prism.NGNode.doRender(NGNode.java:2074)
	at com.sun.javafx.sg.prism.NGNode.render(NGNode.java:1966)
	at com.sun.javafx.sg.prism.NGGroup.renderContent(NGGroup.java:270)
	at com.sun.javafx.sg.prism.NGRegion.renderContent(NGRegion.java:579)
	at com.sun.javafx.sg.prism.NGNode.doRender(NGNode.java:2074)
	at com.sun.javafx.sg.prism.NGNode.render(NGNode.java:1966)
	at com.sun.javafx.sg.prism.NGGroup.renderContent(NGGroup.java:270)
	at com.sun.javafx.sg.prism.NGRegion.renderContent(NGRegion.java:579)
	at com.sun.javafx.sg.prism.NGNode.doRender(NGNode.java:2074)
	at com.sun.javafx.sg.prism.NGNode.render(NGNode.java:1966)
	at com.sun.javafx.sg.prism.NGGroup.renderContent(NGGroup.java:270)
	at com.sun.javafx.sg.prism.NGRegion.renderContent(NGRegion.java:579)
	at com.sun.javafx.sg.prism.NGNode.doRender(NGNode.java:2074)
	at com.sun.javafx.sg.prism.NGNode.render(NGNode.java:1966)
	at com.sun.javafx.sg.prism.NGGroup.renderContent(NGGroup.java:270)
	at com.sun.javafx.sg.prism.NGRegion.renderContent(NGRegion.java:579)
	at com.sun.javafx.sg.prism.NGNode.doRender(NGNode.java:2074)
	at com.sun.javafx.sg.prism.NGNode.render(NGNode.java:1966)
	at com.sun.javafx.sg.prism.NGGroup.renderContent(NGGroup.java:270)
	at com.sun.javafx.sg.prism.NGRegion.renderContent(NGRegion.java:579)
	at com.sun.javafx.sg.prism.NodeEffectInput.getImageDataForBoundedNode(NodeEffectInput.java:237)
	at com.sun.javafx.sg.prism.NodeEffectInput.filter(NodeEffectInput.java:131)
	at com.sun.scenario.effect.FilterEffect.filter(FilterEffect.java:185)
	at com.sun.scenario.effect.Offset.filter(Offset.java:160)
	at com.sun.scenario.effect.Merge.filter(Merge.java:148)
	at com.sun.scenario.effect.DelegateEffect.filter(DelegateEffect.java:70)
	at com.sun.scenario.effect.impl.prism.PrEffectHelper.render(PrEffectHelper.java:166)
	at com.sun.javafx.sg.prism.EffectFilter.render(EffectFilter.java:61)
	at com.sun.javafx.sg.prism.NGNode.renderEffect(NGNode.java:2386)
	at com.sun.javafx.sg.prism.NGNode.renderForClip(NGNode.java:2313)
	at com.sun.javafx.sg.prism.NGNode.renderClip(NGNode.java:2283)
	at com.sun.javafx.sg.prism.NGNode.doRender(NGNode.java:2068)
	at com.sun.javafx.sg.prism.NGNode.render(NGNode.java:1966)
	at com.sun.javafx.tk.quantum.ViewPainter.doPaint(ViewPainter.java:480)
	at com.sun.javafx.tk.quantum.ViewPainter.paintImpl(ViewPainter.java:329)
	at com.sun.javafx.tk.quantum.PresentingPainter.run(PresentingPainter.java:92)
	at java.base/java.util.concurrent.Executors$RunnableAdapter.call(Executors.java:539)
	at java.base/java.util.concurrent.FutureTask.runAndReset(FutureTask.java:305)
	at com.sun.javafx.tk.RenderJob.run(RenderJob.java:58)
	at java.base/java.util.concurrent.ThreadPoolExecutor.runWorker(ThreadPoolExecutor.java:1136)
	at java.base/java.util.concurrent.ThreadPoolExecutor$Worker.run(ThreadPoolExecutor.java:635)
	at com.sun.javafx.tk.quantum.QuantumRenderer$PipelineRunnable.run(QuantumRenderer.java:126)
	at java.base/java.lang.Thread.run(Thread.java:840)
Caused by: java.lang.ClassNotFoundException: com.sun.prism.impl.ps.CachingShapeRep
	... 51 more
java.lang.NoClassDefFoundError: com/sun/prism/impl/ps/CachingShapeRep
	at com.sun.prism.impl.ps.BaseShaderFactory.createPathRep(BaseShaderFactory.java:56)
	at com.sun.javafx.sg.prism.NGShape.createShapeRep(NGShape.java:166)
	at com.sun.javafx.sg.prism.NGShape.renderContent2D(NGShape.java:283)
	at com.sun.javafx.sg.prism.NGShape.renderContent(NGShape.java:261)
	at com.sun.javafx.sg.prism.NGNode.doRender(NGNode.java:2074)
	at com.sun.javafx.sg.prism.NGNode.render(NGNode.java:1966)
	at com.sun.javafx.sg.prism.NGGroup.renderContent(NGGroup.java:270)
	at com.sun.javafx.sg.prism.NGRegion.renderContent(NGRegion.java:579)
	at com.sun.javafx.sg.prism.NGNode.doRender(NGNode.java:2074)
	at com.sun.javafx.sg.prism.NGNode.render(NGNode.java:1966)
	at com.sun.javafx.sg.prism.NGGroup.renderContent(NGGroup.java:270)
	at com.sun.javafx.sg.prism.NGRegion.renderContent(NGRegion.java:579)
	at com.sun.javafx.sg.prism.NGNode.doRender(NGNode.java:2074)
	at com.sun.javafx.sg.prism.NGNode.render(NGNode.java:1966)
	at com.sun.javafx.sg.prism.NGGroup.renderContent(NGGroup.java:270)
	at com.sun.javafx.sg.prism.NGRegion.renderContent(NGRegion.java:579)
	at com.sun.javafx.sg.prism.NGNode.doRender(NGNode.java:2074)
	at com.sun.javafx.sg.prism.NGNode.render(NGNode.java:1966)
	at com.sun.javafx.sg.prism.NGGroup.renderContent(NGGroup.java:270)
	at com.sun.javafx.sg.prism.NGRegion.renderContent(NGRegion.java:579)
	at com.sun.javafx.sg.prism.NGNode.doRender(NGNode.java:2074)
	at com.sun.javafx.sg.prism.NGNode.render(NGNode.java:1966)
	at com.sun.javafx.sg.prism.NGGroup.renderContent(NGGroup.java:270)
	at com.sun.javafx.sg.prism.NGRegion.renderContent(NGRegion.java:579)
	at com.sun.javafx.sg.prism.NGNode.doRender(NGNode.java:2074)
	at com.sun.javafx.sg.prism.NGNode.render(NGNode.java:1966)
	at com.sun.javafx.sg.prism.NGGroup.renderContent(NGGroup.java:270)
	at com.sun.javafx.sg.prism.NGRegion.renderContent(NGRegion.java:579)
	at com.sun.javafx.sg.prism.NodeEffectInput.getImageDataForBoundedNode(NodeEffectInput.java:237)
	at com.sun.javafx.sg.prism.NodeEffectInput.filter(NodeEffectInput.java:131)
	at com.sun.scenario.effect.FilterEffect.filter(FilterEffect.java:185)
	at com.sun.scenario.effect.Offset.filter(Offset.java:160)
	at com.sun.scenario.effect.Merge.filter(Merge.java:148)
	at com.sun.scenario.effect.DelegateEffect.filter(DelegateEffect.java:70)
	at com.sun.scenario.effect.impl.prism.PrEffectHelper.render(PrEffectHelper.java:166)
	at com.sun.javafx.sg.prism.EffectFilter.render(EffectFilter.java:61)
	at com.sun.javafx.sg.prism.NGNode.renderEffect(NGNode.java:2386)
	at com.sun.javafx.sg.prism.NGNode.renderForClip(NGNode.java:2313)
	at com.sun.javafx.sg.prism.NGNode.renderClip(NGNode.java:2283)
	at com.sun.javafx.sg.prism.NGNode.doRender(NGNode.java:2068)
	at com.sun.javafx.sg.prism.NGNode.render(NGNode.java:1966)
	at com.sun.javafx.tk.quantum.ViewPainter.doPaint(ViewPainter.java:480)
	at com.sun.javafx.tk.quantum.ViewPainter.paintImpl(ViewPainter.java:329)
	at com.sun.javafx.tk.quantum.PresentingPainter.run(PresentingPainter.java:92)
	at java.base/java.util.concurrent.Executors$RunnableAdapter.call(Executors.java:539)
	at java.base/java.util.concurrent.FutureTask.runAndReset(FutureTask.java:305)
	at com.sun.javafx.tk.RenderJob.run(RenderJob.java:58)
	at java.base/java.util.concurrent.ThreadPoolExecutor.runWorker(ThreadPoolExecutor.java:1136)
	at java.base/java.util.concurrent.ThreadPoolExecutor$Worker.run(ThreadPoolExecutor.java:635)
	at com.sun.javafx.tk.quantum.QuantumRenderer$PipelineRunnable.run(QuantumRenderer.java:126)
	at java.base/java.lang.Thread.run(Thread.java:840)
Caused by: java.lang.ClassNotFoundException: com.sun.prism.impl.ps.CachingShapeRep
	... 51 more
java.lang.NoClassDefFoundError: com/sun/prism/impl/ps/CachingShapeRep
	at com.sun.prism.impl.ps.BaseShaderFactory.createPathRep(BaseShaderFactory.java:56)
	at com.sun.javafx.sg.prism.NGShape.createShapeRep(NGShape.java:166)
	at com.sun.javafx.sg.prism.NGShape.renderContent2D(NGShape.java:283)
	at com.sun.javafx.sg.prism.NGShape.renderContent(NGShape.java:261)
	at com.sun.javafx.sg.prism.NGNode.doRender(NGNode.java:2074)
	at com.sun.javafx.sg.prism.NGNode.render(NGNode.java:1966)
	at com.sun.javafx.sg.prism.NGGroup.renderContent(NGGroup.java:270)
	at com.sun.javafx.sg.prism.NGRegion.renderContent(NGRegion.java:579)
	at com.sun.javafx.sg.prism.NGNode.doRender(NGNode.java:2074)
	at com.sun.javafx.sg.prism.NGNode.render(NGNode.java:1966)
	at com.sun.javafx.sg.prism.NGGroup.renderContent(NGGroup.java:270)
	at com.sun.javafx.sg.prism.NGRegion.renderContent(NGRegion.java:579)
	at com.sun.javafx.sg.prism.NGNode.doRender(NGNode.java:2074)
	at com.sun.javafx.sg.prism.NGNode.render(NGNode.java:1966)
	at com.sun.javafx.sg.prism.NGGroup.renderContent(NGGroup.java:270)
	at com.sun.javafx.sg.prism.NGRegion.renderContent(NGRegion.java:579)
	at com.sun.javafx.sg.prism.NGNode.doRender(NGNode.java:2074)
	at com.sun.javafx.sg.prism.NGNode.render(NGNode.java:1966)
	at com.sun.javafx.sg.prism.NGGroup.renderContent(NGGroup.java:270)
	at com.sun.javafx.sg.prism.NGRegion.renderContent(NGRegion.java:579)
	at com.sun.javafx.sg.prism.NGNode.doRender(NGNode.java:2074)
	at com.sun.javafx.sg.prism.NGNode.render(NGNode.java:1966)
	at com.sun.javafx.sg.prism.NGGroup.renderContent(NGGroup.java:270)
	at com.sun.javafx.sg.prism.NGRegion.renderContent(NGRegion.java:579)
	at com.sun.javafx.sg.prism.NGNode.doRender(NGNode.java:2074)
	at com.sun.javafx.sg.prism.NGNode.render(NGNode.java:1966)
	at com.sun.javafx.sg.prism.NGGroup.renderContent(NGGroup.java:270)
	at com.sun.javafx.sg.prism.NGRegion.renderContent(NGRegion.java:579)
	at com.sun.javafx.sg.prism.NodeEffectInput.getImageDataForBoundedNode(NodeEffectInput.java:237)
	at com.sun.javafx.sg.prism.NodeEffectInput.filter(NodeEffectInput.java:131)
	at com.sun.scenario.effect.FilterEffect.filter(FilterEffect.java:185)
	at com.sun.scenario.effect.Offset.filter(Offset.java:160)
	at com.sun.scenario.effect.Merge.filter(Merge.java:148)
	at com.sun.scenario.effect.DelegateEffect.filter(DelegateEffect.java:70)
	at com.sun.scenario.effect.impl.prism.PrEffectHelper.render(PrEffectHelper.java:166)
	at com.sun.javafx.sg.prism.EffectFilter.render(EffectFilter.java:61)
	at com.sun.javafx.sg.prism.NGNode.renderEffect(NGNode.java:2386)
	at com.sun.javafx.sg.prism.NGNode.renderForClip(NGNode.java:2313)
	at com.sun.javafx.sg.prism.NGNode.renderClip(NGNode.java:2283)
	at com.sun.javafx.sg.prism.NGNode.doRender(NGNode.java:2068)
	at com.sun.javafx.sg.prism.NGNode.render(NGNode.java:1966)
	at com.sun.javafx.tk.quantum.ViewPainter.doPaint(ViewPainter.java:480)
	at com.sun.javafx.tk.quantum.ViewPainter.paintImpl(ViewPainter.java:329)
	at com.sun.javafx.tk.quantum.PresentingPainter.run(PresentingPainter.java:92)
	at java.base/java.util.concurrent.Executors$RunnableAdapter.call(Executors.java:539)
	at java.base/java.util.concurrent.FutureTask.runAndReset(FutureTask.java:305)
	at com.sun.javafx.tk.RenderJob.run(RenderJob.java:58)
	at java.base/java.util.concurrent.ThreadPoolExecutor.runWorker(ThreadPoolExecutor.java:1136)
	at java.base/java.util.concurrent.ThreadPoolExecutor$Worker.run(ThreadPoolExecutor.java:635)
	at com.sun.javafx.tk.quantum.QuantumRenderer$PipelineRunnable.run(QuantumRenderer.java:126)
	at java.base/java.lang.Thread.run(Thread.java:840)
Caused by: java.lang.ClassNotFoundException: com.sun.prism.impl.ps.CachingShapeRep
	... 51 more
