2月 11, 2026 4:04:58 下午 com.sun.javafx.application.PlatformImpl startup
警告: Unsupported JavaFX configuration: classes were loaded from 'unnamed module @18ae30ae'
2月 11, 2026 4:04:58 下午 com.yeahmobi.everything.App initializeInfrastructure
信息: Configuration loaded.
SLF4J(W): No SLF4J providers were found.
SLF4J(W): Defaulting to no-operation (NOP) logger implementation
SLF4J(W): See https://www.slf4j.org/codes.html#noProviders for further details.
2月 11, 2026 4:04:58 下午 com.yeahmobi.everything.App initializeInfrastructure
信息: Local SQLite database initialized at: /Users/zhujinqi/.yeahmobi-everything/data.db
2月 11, 2026 4:04:58 下午 com.yeahmobi.everything.repository.mysql.MySQLDatabaseManager initialize
信息: MySQL JDBC driver loaded successfully
2月 11, 2026 4:04:59 下午 com.yeahmobi.everything.App initializeInfrastructure
信息: MySQL database connected: jdbc:mysql://localhost:3306/yeahmobi_everything?useSSL=false&characterEncoding=UTF-8&serverTimezone=Asia/Shanghai&useUnicode=true
2月 11, 2026 4:04:59 下午 com.yeahmobi.everything.repository.cache.RedisManager <init>
信息: RedisManager initialized: localhost:6379/0
2月 11, 2026 4:04:59 下午 com.yeahmobi.everything.App initializeInfrastructure
信息: Redis connected: localhost:6379
2月 11, 2026 4:04:59 下午 com.yeahmobi.everything.App initializeServices
信息: All services initialized.
2月 11, 2026 4:04:59 下午 com.yeahmobi.everything.App setupMacOSDock
信息: macOS Taskbar/Dock integration initialized.
2月 11, 2026 4:04:59 下午 com.yeahmobi.everything.App setupMacOSDock
信息: macOS Dock behavior configured.
2月 11, 2026 4:05:00 下午 com.yeahmobi.everything.App onLoginSuccess
信息: User logged in: Kinch(朱金奇) (feishu)
2026-02-11 16:05:13.834 java[79040:37648851] error messaging the mach port for IMKCFRunLoopWakeUpReliable
Exception in thread "JavaFX Application Thread" java.lang.NoClassDefFoundError: com/sun/javafx/scene/KeyboardShortcutsHandler$CopyOnWriteMap
	at com.sun.javafx.scene.KeyboardShortcutsHandler.getAccelerators(KeyboardShortcutsHandler.java:96)
	at javafx.scene.Scene.getAccelerators(Scene.java:4352)
	at com.sun.javafx.scene.control.ControlAcceleratorSupport.removeAcceleratorsFromScene(ControlAcceleratorSupport.java:323)
	at com.sun.javafx.scene.control.ControlAcceleratorSupport.removeAcceleratorsFromScene(ControlAcceleratorSupport.java:300)
	at com.sun.javafx.scene.control.ControlAcceleratorSupport.lambda$getSceneChangeListener$0(ControlAcceleratorSupport.java:124)
	at com.sun.javafx.binding.ExpressionHelper$SingleChange.fireValueChangedEvent(ExpressionHelper.java:192)
	at com.sun.javafx.binding.ExpressionHelper.fireValueChangedEvent(ExpressionHelper.java:91)
	at javafx.beans.property.ReadOnlyObjectPropertyBase.fireValueChangedEvent(ReadOnlyObjectPropertyBase.java:80)
	at javafx.beans.property.ReadOnlyObjectWrapper.fireValueChangedEvent(ReadOnlyObjectWrapper.java:102)
	at javafx.scene.Node$ReadOnlyObjectWrapperManualFire.fireSuperValueChangedEvent(Node.java:1044)
	at javafx.scene.Node.invalidatedScenes(Node.java:1095)
	at javafx.scene.Node.setScenes(Node.java:1133)
	at javafx.scene.Parent.scenesChanged(Parent.java:773)
	at javafx.scene.Node.invalidatedScenes(Node.java:1066)
	at javafx.scene.Node.setScenes(Node.java:1133)
	at javafx.scene.Parent.scenesChanged(Parent.java:773)
	at javafx.scene.Node.invalidatedScenes(Node.java:1066)
	at javafx.scene.Node.setScenes(Node.java:1133)
	at javafx.scene.Parent.scenesChanged(Parent.java:773)
	at javafx.scene.Node.invalidatedScenes(Node.java:1066)
	at javafx.scene.Node.setScenes(Node.java:1133)
	at javafx.scene.Parent.scenesChanged(Parent.java:773)
	at javafx.scene.Node.invalidatedScenes(Node.java:1066)
	at javafx.scene.Node.setScenes(Node.java:1133)
	at javafx.scene.Parent.scenesChanged(Parent.java:773)
	at javafx.scene.Node.invalidatedScenes(Node.java:1066)
	at javafx.scene.Node.setScenes(Node.java:1133)
	at javafx.scene.Parent.scenesChanged(Parent.java:773)
	at javafx.scene.Node.invalidatedScenes(Node.java:1066)
	at javafx.scene.Node.setScenes(Node.java:1133)
	at javafx.scene.Parent.scenesChanged(Parent.java:773)
	at javafx.scene.Node.invalidatedScenes(Node.java:1066)
	at javafx.scene.Node.setScenes(Node.java:1133)
	at javafx.scene.Parent.scenesChanged(Parent.java:773)
	at javafx.scene.Node.invalidatedScenes(Node.java:1066)
	at javafx.scene.Node.setScenes(Node.java:1133)
	at javafx.scene.Parent$3.onProposedChange(Parent.java:606)
	at com.sun.javafx.collections.VetoableListDecorator.clear(VetoableListDecorator.java:302)
	at com.yeahmobi.everything.ui.MainController.loadChatPage(MainController.java:943)
	at com.yeahmobi.everything.ui.MainController.onSkillItemClicked(MainController.java:372)
	at com.yeahmobi.everything.ui.MainController.lambda$createSkillListItem$3(MainController.java:355)
	at com.sun.javafx.event.CompositeEventHandler.dispatchBubblingEvent(CompositeEventHandler.java:86)
	at com.sun.javafx.event.EventHandlerManager.dispatchBubblingEvent(EventHandlerManager.java:232)
	at com.sun.javafx.event.EventHandlerManager.dispatchBubblingEvent(EventHandlerManager.java:189)
	at com.sun.javafx.event.CompositeEventDispatcher.dispatchBubblingEvent(CompositeEventDispatcher.java:59)
	at com.sun.javafx.event.BasicEventDispatcher.dispatchEvent(BasicEventDispatcher.java:58)
	at com.sun.javafx.event.EventDispatchChainImpl.dispatchEvent(EventDispatchChainImpl.java:114)
	at com.sun.javafx.event.BasicEventDispatcher.dispatchEvent(BasicEventDispatcher.java:56)
	at com.sun.javafx.event.EventDispatchChainImpl.dispatchEvent(EventDispatchChainImpl.java:114)
	at com.sun.javafx.event.BasicEventDispatcher.dispatchEvent(BasicEventDispatcher.java:56)
	at com.sun.javafx.event.EventDispatchChainImpl.dispatchEvent(EventDispatchChainImpl.java:114)
	at com.sun.javafx.event.BasicEventDispatcher.dispatchEvent(BasicEventDispatcher.java:56)
	at com.sun.javafx.event.EventDispatchChainImpl.dispatchEvent(EventDispatchChainImpl.java:114)
	at com.sun.javafx.event.BasicEventDispatcher.dispatchEvent(BasicEventDispatcher.java:56)
	at com.sun.javafx.event.EventDispatchChainImpl.dispatchEvent(EventDispatchChainImpl.java:114)
	at com.sun.javafx.event.EventUtil.fireEventImpl(EventUtil.java:74)
	at com.sun.javafx.event.EventUtil.fireEvent(EventUtil.java:54)
	at javafx.event.Event.fireEvent(Event.java:198)
	at javafx.scene.Scene$ClickGenerator.postProcess(Scene.java:3688)
	at javafx.scene.Scene$MouseHandler.process(Scene.java:3993)
	at javafx.scene.Scene.processMouseEvent(Scene.java:1890)
	at javafx.scene.Scene$ScenePeerListener.mouseEvent(Scene.java:2708)
	at com.sun.javafx.tk.quantum.GlassViewEventHandler$MouseEventNotification.run(GlassViewEventHandler.java:411)
	at com.sun.javafx.tk.quantum.GlassViewEventHandler$MouseEventNotification.run(GlassViewEventHandler.java:301)
	at java.base/java.security.AccessController.doPrivileged(AccessController.java:399)
	at com.sun.javafx.tk.quantum.GlassViewEventHandler.lambda$handleMouseEvent$2(GlassViewEventHandler.java:450)
	at com.sun.javafx.tk.quantum.QuantumToolkit.runWithoutRenderLock(QuantumToolkit.java:424)
	at com.sun.javafx.tk.quantum.GlassViewEventHandler.handleMouseEvent(GlassViewEventHandler.java:449)
	at com.sun.glass.ui.View.handleMouseEvent(View.java:551)
	at com.sun.glass.ui.View.notifyMouse(View.java:937)
	at com.sun.glass.ui.mac.MacView.notifyMouse(MacView.java:127)
Caused by: java.lang.ClassNotFoundException: com.sun.javafx.scene.KeyboardShortcutsHandler$CopyOnWriteMap
	at java.base/jdk.internal.loader.BuiltinClassLoader.loadClass(BuiltinClassLoader.java:641)
	at java.base/jdk.internal.loader.ClassLoaders$AppClassLoader.loadClass(ClassLoaders.java:188)
	at java.base/java.lang.ClassLoader.loadClass(ClassLoader.java:525)
	... 71 more
